{"D:\\latest-technology\\react-app\\src\\App.js": {"path":"D:\\latest-technology\\react-app\\src\\App.js","statementMap":{"0":{"start":{"line":2,"column":2},"end":{"line":4,"column":6}}},"fnMap":{"0":{"name":"App","decl":{"start":{"line":1,"column":9},"end":{"line":1,"column":12}},"loc":{"start":{"line":1,"column":14},"end":{"line":5,"column":1}},"line":1}},"branchMap":{},"s":{"0":1},"f":{"0":1},"b":{},"_coverageSchema":"1a1c01bbd47fc00a2c39e90264f33305004495a9","hash":"883c36958d68430e6616749075af0318244a6b87"}
,"D:\\latest-technology\\react-app\\src\\auth.js": {"path":"D:\\latest-technology\\react-app\\src\\auth.js","statementMap":{"0":{"start":{"line":3,"column":4},"end":{"line":3,"column":50}}},"fnMap":{"0":{"name":"isAuthenticated","decl":{"start":{"line":1,"column":16},"end":{"line":1,"column":31}},"loc":{"start":{"line":1,"column":34},"end":{"line":4,"column":1}},"line":1}},"branchMap":{},"s":{"0":2},"f":{"0":2},"b":{},"_coverageSchema":"1a1c01bbd47fc00a2c39e90264f33305004495a9","hash":"1c2a29578784b8c8a906a47cb1dd1b6bb6fc8317"}
,"D:\\latest-technology\\react-app\\src\\axios.js": {"path":"D:\\latest-technology\\react-app\\src\\axios.js","statementMap":{"0":{"start":{"line":4,"column":19},"end":{"line":6,"column":2}},"1":{"start":{"line":9,"column":0},"end":{"line":21,"column":2}},"2":{"start":{"line":12,"column":18},"end":{"line":12,"column":54}},"3":{"start":{"line":13,"column":4},"end":{"line":15,"column":5}},"4":{"start":{"line":14,"column":6},"end":{"line":14,"column":55}},"5":{"start":{"line":16,"column":4},"end":{"line":16,"column":18}},"6":{"start":{"line":19,"column":4},"end":{"line":19,"column":33}},"7":{"start":{"line":24,"column":0},"end":{"line":37,"column":2}},"8":{"start":{"line":27,"column":4},"end":{"line":27,"column":25}},"9":{"start":{"line":31,"column":4},"end":{"line":34,"column":5}},"10":{"start":{"line":35,"column":4},"end":{"line":35,"column":42}}},"fnMap":{"0":{"name":"(anonymous_0)","decl":{"start":{"line":10,"column":2},"end":{"line":10,"column":3}},"loc":{"start":{"line":10,"column":14},"end":{"line":17,"column":3}},"line":10},"1":{"name":"(anonymous_1)","decl":{"start":{"line":18,"column":2},"end":{"line":18,"column":3}},"loc":{"start":{"line":18,"column":13},"end":{"line":20,"column":3}},"line":18},"2":{"name":"(anonymous_2)","decl":{"start":{"line":25,"column":2},"end":{"line":25,"column":3}},"loc":{"start":{"line":25,"column":16},"end":{"line":28,"column":3}},"line":25},"3":{"name":"(anonymous_3)","decl":{"start":{"line":29,"column":2},"end":{"line":29,"column":3}},"loc":{"start":{"line":29,"column":13},"end":{"line":36,"column":3}},"line":29}},"branchMap":{"0":{"loc":{"start":{"line":13,"column":4},"end":{"line":15,"column":5}},"type":"if","locations":[{"start":{"line":13,"column":4},"end":{"line":15,"column":5}},{"start":{},"end":{}}],"line":13},"1":{"loc":{"start":{"line":31,"column":4},"end":{"line":34,"column":5}},"type":"if","locations":[{"start":{"line":31,"column":4},"end":{"line":34,"column":5}},{"start":{},"end":{}}],"line":31},"2":{"loc":{"start":{"line":31,"column":8},"end":{"line":31,"column":55}},"type":"binary-expr","locations":[{"start":{"line":31,"column":8},"end":{"line":31,"column":22}},{"start":{"line":31,"column":26},"end":{"line":31,"column":55}}],"line":31}},"s":{"0":0,"1":0,"2":0,"3":0,"4":0,"5":0,"6":0,"7":0,"8":0,"9":0,"10":0},"f":{"0":0,"1":0,"2":0,"3":0},"b":{"0":[0,0],"1":[0,0],"2":[0,0]}}
,"D:\\latest-technology\\react-app\\src\\helper.js": {"path":"D:\\latest-technology\\react-app\\src\\helper.js","statementMap":{"0":{"start":{"line":3,"column":4},"end":{"line":10,"column":6}},"1":{"start":{"line":4,"column":8},"end":{"line":6,"column":9}},"2":{"start":{"line":5,"column":12},"end":{"line":5,"column":36}},"3":{"start":{"line":7,"column":8},"end":{"line":9,"column":18}},"4":{"start":{"line":8,"column":12},"end":{"line":8,"column":26}}},"fnMap":{"0":{"name":"debounce","decl":{"start":{"line":1,"column":16},"end":{"line":1,"column":24}},"loc":{"start":{"line":1,"column":38},"end":{"line":11,"column":1}},"line":1},"1":{"name":"(anonymous_1)","decl":{"start":{"line":3,"column":11},"end":{"line":3,"column":12}},"loc":{"start":{"line":3,"column":24},"end":{"line":10,"column":5}},"line":3},"2":{"name":"(anonymous_2)","decl":{"start":{"line":7,"column":31},"end":{"line":7,"column":32}},"loc":{"start":{"line":7,"column":37},"end":{"line":9,"column":9}},"line":7}},"branchMap":{"0":{"loc":{"start":{"line":4,"column":8},"end":{"line":6,"column":9}},"type":"if","locations":[{"start":{"line":4,"column":8},"end":{"line":6,"column":9}},{"start":{},"end":{}}],"line":4}},"s":{"0":3,"1":6,"2":3,"3":6,"4":3},"f":{"0":3,"1":6,"2":3},"b":{"0":[3,3]},"_coverageSchema":"1a1c01bbd47fc00a2c39e90264f33305004495a9","hash":"de3bf35f6aa59e9280d32f5d1d58dfa5ed3a7df8"}
,"D:\\latest-technology\\react-app\\src\\index.js": {"path":"D:\\latest-technology\\react-app\\src\\index.js","statementMap":{"0":{"start":{"line":12,"column":13},"end":{"line":12,"column":65}},"1":{"start":{"line":13,"column":0},"end":{"line":17,"column":2}},"2":{"start":{"line":22,"column":0},"end":{"line":22,"column":18}}},"fnMap":{},"branchMap":{},"s":{"0":0,"1":0,"2":0},"f":{},"b":{}}
,"D:\\latest-technology\\react-app\\src\\reportWebVitals.js": {"path":"D:\\latest-technology\\react-app\\src\\reportWebVitals.js","statementMap":{"0":{"start":{"line":1,"column":24},"end":{"line":11,"column":1}},"1":{"start":{"line":2,"column":2},"end":{"line":10,"column":3}},"2":{"start":{"line":3,"column":4},"end":{"line":9,"column":7}},"3":{"start":{"line":4,"column":6},"end":{"line":4,"column":26}},"4":{"start":{"line":5,"column":6},"end":{"line":5,"column":26}},"5":{"start":{"line":6,"column":6},"end":{"line":6,"column":26}},"6":{"start":{"line":7,"column":6},"end":{"line":7,"column":26}},"7":{"start":{"line":8,"column":6},"end":{"line":8,"column":27}}},"fnMap":{"0":{"name":"(anonymous_0)","decl":{"start":{"line":1,"column":24},"end":{"line":1,"column":25}},"loc":{"start":{"line":1,"column":39},"end":{"line":11,"column":1}},"line":1},"1":{"name":"(anonymous_1)","decl":{"start":{"line":3,"column":30},"end":{"line":3,"column":31}},"loc":{"start":{"line":3,"column":79},"end":{"line":9,"column":5}},"line":3}},"branchMap":{"0":{"loc":{"start":{"line":2,"column":2},"end":{"line":10,"column":3}},"type":"if","locations":[{"start":{"line":2,"column":2},"end":{"line":10,"column":3}},{"start":{},"end":{}}],"line":2},"1":{"loc":{"start":{"line":2,"column":6},"end":{"line":2,"column":52}},"type":"binary-expr","locations":[{"start":{"line":2,"column":6},"end":{"line":2,"column":17}},{"start":{"line":2,"column":21},"end":{"line":2,"column":52}}],"line":2}},"s":{"0":0,"1":0,"2":0,"3":0,"4":0,"5":0,"6":0,"7":0},"f":{"0":0,"1":0},"b":{"0":[0,0],"1":[0,0]}}
,"D:\\latest-technology\\react-app\\src\\routes.js": {"path":"D:\\latest-technology\\react-app\\src\\routes.js","statementMap":{"0":{"start":{"line":21,"column":15},"end":{"line":167,"column":2}},"1":{"start":{"line":156,"column":6},"end":{"line":159,"column":7}},"2":{"start":{"line":158,"column":8},"end":{"line":158,"column":33}},"3":{"start":{"line":160,"column":6},"end":{"line":160,"column":18}}},"fnMap":{"0":{"name":"(anonymous_0)","decl":{"start":{"line":155,"column":12},"end":{"line":155,"column":13}},"loc":{"start":{"line":155,"column":24},"end":{"line":161,"column":5}},"line":155}},"branchMap":{"0":{"loc":{"start":{"line":35,"column":7},"end":{"line":35,"column":45}},"type":"cond-expr","locations":[{"start":{"line":35,"column":25},"end":{"line":35,"column":34}},{"start":{"line":35,"column":37},"end":{"line":35,"column":45}}],"line":35},"1":{"loc":{"start":{"line":156,"column":6},"end":{"line":159,"column":7}},"type":"if","locations":[{"start":{"line":156,"column":6},"end":{"line":159,"column":7}},{"start":{},"end":{}}],"line":156}},"s":{"0":0,"1":0,"2":0,"3":0},"f":{"0":0},"b":{"0":[0,0],"1":[0,0]}}
,"D:\\latest-technology\\react-app\\src\\Admin\\Footer.jsx": {"path":"D:\\latest-technology\\react-app\\src\\Admin\\Footer.jsx","statementMap":{"0":{"start":{"line":3,"column":22},"end":{"line":9,"column":1}},"1":{"start":{"line":4,"column":4},"end":{"line":8,"column":21}}},"fnMap":{"0":{"name":"(anonymous_0)","decl":{"start":{"line":3,"column":22},"end":{"line":3,"column":23}},"loc":{"start":{"line":4,"column":4},"end":{"line":8,"column":21}},"line":4}},"branchMap":{},"s":{"0":1,"1":1},"f":{"0":1},"b":{},"_coverageSchema":"1a1c01bbd47fc00a2c39e90264f33305004495a9","hash":"c0d2c662222ffefa6465685985751c3e1683ca55"}
,"D:\\latest-technology\\react-app\\src\\Admin\\Header.jsx": {"path":"D:\\latest-technology\\react-app\\src\\Admin\\Header.jsx","statementMap":{"0":{"start":{"line":7,"column":15},"end":{"line":22,"column":1}},"1":{"start":{"line":8,"column":19},"end":{"line":8,"column":32}},"2":{"start":{"line":9,"column":23},"end":{"line":12,"column":3}},"3":{"start":{"line":10,"column":5},"end":{"line":10,"column":26}},"4":{"start":{"line":11,"column":5},"end":{"line":11,"column":18}},"5":{"start":{"line":13,"column":2},"end":{"line":21,"column":4}}},"fnMap":{"0":{"name":"(anonymous_0)","decl":{"start":{"line":7,"column":15},"end":{"line":7,"column":16}},"loc":{"start":{"line":7,"column":21},"end":{"line":22,"column":1}},"line":7},"1":{"name":"(anonymous_1)","decl":{"start":{"line":9,"column":23},"end":{"line":9,"column":24}},"loc":{"start":{"line":9,"column":27},"end":{"line":12,"column":3}},"line":9}},"branchMap":{},"s":{"0":1,"1":2,"2":2,"3":1,"4":1,"5":2},"f":{"0":2,"1":1},"b":{},"_coverageSchema":"1a1c01bbd47fc00a2c39e90264f33305004495a9","hash":"87ae411c5aca04f1d9d354e5d94d15d6db8706f3"}
,"D:\\latest-technology\\react-app\\src\\Admin\\MainHeader.jsx": {"path":"D:\\latest-technology\\react-app\\src\\Admin\\MainHeader.jsx","statementMap":{"0":{"start":{"line":1,"column":26},"end":{"line":5,"column":1}},"1":{"start":{"line":2,"column":4},"end":{"line":4,"column":10}}},"fnMap":{"0":{"name":"(anonymous_0)","decl":{"start":{"line":1,"column":26},"end":{"line":1,"column":27}},"loc":{"start":{"line":1,"column":35},"end":{"line":5,"column":1}},"line":1}},"branchMap":{},"s":{"0":2,"1":2},"f":{"0":2},"b":{},"_coverageSchema":"1a1c01bbd47fc00a2c39e90264f33305004495a9","hash":"6a7e6e4e89b59144bacc94cadfc247df6a4133b9"}
,"D:\\latest-technology\\react-app\\src\\Admin\\MainNavigation.jsx": {"path":"D:\\latest-technology\\react-app\\src\\Admin\\MainNavigation.jsx","statementMap":{"0":{"start":{"line":6,"column":30},"end":{"line":29,"column":1}},"1":{"start":{"line":7,"column":4},"end":{"line":28,"column":5}}},"fnMap":{"0":{"name":"(anonymous_0)","decl":{"start":{"line":6,"column":30},"end":{"line":6,"column":31}},"loc":{"start":{"line":6,"column":34},"end":{"line":29,"column":1}},"line":6}},"branchMap":{},"s":{"0":1,"1":1},"f":{"0":1},"b":{},"_coverageSchema":"1a1c01bbd47fc00a2c39e90264f33305004495a9","hash":"8007cdb33e7faaa6a353a9db7cbbdbe078fde680"}
,"D:\\latest-technology\\react-app\\src\\Admin\\NavLinks.jsx": {"path":"D:\\latest-technology\\react-app\\src\\Admin\\NavLinks.jsx","statementMap":{"0":{"start":{"line":3,"column":24},"end":{"line":26,"column":1}},"1":{"start":{"line":4,"column":4},"end":{"line":25,"column":5}}},"fnMap":{"0":{"name":"(anonymous_0)","decl":{"start":{"line":3,"column":24},"end":{"line":3,"column":25}},"loc":{"start":{"line":3,"column":28},"end":{"line":26,"column":1}},"line":3}},"branchMap":{},"s":{"0":1,"1":1},"f":{"0":1},"b":{},"_coverageSchema":"1a1c01bbd47fc00a2c39e90264f33305004495a9","hash":"926eb10fdf308d9ed757655c5a96acb53c8af287"}
,"D:\\latest-technology\\react-app\\src\\Admin\\Sidebar.jsx": {"path":"D:\\latest-technology\\react-app\\src\\Admin\\Sidebar.jsx","statementMap":{"0":{"start":{"line":5,"column":16},"end":{"line":20,"column":1}},"1":{"start":{"line":6,"column":2},"end":{"line":19,"column":4}}},"fnMap":{"0":{"name":"(anonymous_0)","decl":{"start":{"line":5,"column":16},"end":{"line":5,"column":17}},"loc":{"start":{"line":5,"column":22},"end":{"line":20,"column":1}},"line":5}},"branchMap":{},"s":{"0":1,"1":2},"f":{"0":2},"b":{},"_coverageSchema":"1a1c01bbd47fc00a2c39e90264f33305004495a9","hash":"e7a1384919b2b64ac034fdc5a3e4d06e8fc096bb"}
,"D:\\latest-technology\\react-app\\src\\Admin\\index.jsx": {"path":"D:\\latest-technology\\react-app\\src\\Admin\\index.jsx","statementMap":{"0":{"start":{"line":10,"column":14},"end":{"line":28,"column":1}},"1":{"start":{"line":11,"column":4},"end":{"line":27,"column":5}}},"fnMap":{"0":{"name":"(anonymous_0)","decl":{"start":{"line":10,"column":14},"end":{"line":10,"column":15}},"loc":{"start":{"line":10,"column":20},"end":{"line":28,"column":1}},"line":10}},"branchMap":{},"s":{"0":0,"1":0},"f":{"0":0},"b":{}}
,"D:\\latest-technology\\react-app\\src\\Admin\\Calendar\\DueCalendar.jsx": {"path":"D:\\latest-technology\\react-app\\src\\Admin\\Calendar\\DueCalendar.jsx","statementMap":{"0":{"start":{"line":9,"column":19},"end":{"line":9,"column":68}},"1":{"start":{"line":10,"column":15},"end":{"line":13,"column":1}},"2":{"start":{"line":15,"column":17},"end":{"line":210,"column":1}},"3":{"start":{"line":16,"column":38},"end":{"line":16,"column":52}},"4":{"start":{"line":17,"column":42},"end":{"line":17,"column":76}},"5":{"start":{"line":18,"column":44},"end":{"line":18,"column":75}},"6":{"start":{"line":19,"column":38},"end":{"line":19,"column":49}},"7":{"start":{"line":20,"column":29},"end":{"line":20,"column":40}},"8":{"start":{"line":21,"column":34},"end":{"line":21,"column":49}},"9":{"start":{"line":22,"column":42},"end":{"line":22,"column":57}},"10":{"start":{"line":23,"column":43},"end":{"line":23,"column":55}},"11":{"start":{"line":25,"column":28},"end":{"line":25,"column":75}},"12":{"start":{"line":26,"column":24},"end":{"line":26,"column":76}},"13":{"start":{"line":28,"column":18},"end":{"line":28,"column":28}},"14":{"start":{"line":29,"column":23},"end":{"line":29,"column":38}},"15":{"start":{"line":30,"column":27},"end":{"line":30,"column":99}},"16":{"start":{"line":32,"column":4},"end":{"line":98,"column":35}},"17":{"start":{"line":33,"column":8},"end":{"line":33,"column":39}},"18":{"start":{"line":33,"column":33},"end":{"line":33,"column":37}},"19":{"start":{"line":34,"column":8},"end":{"line":97,"column":9}},"20":{"start":{"line":41,"column":37},"end":{"line":41,"column":50}},"21":{"start":{"line":42,"column":39},"end":{"line":42,"column":186}},"22":{"start":{"line":42,"column":77},"end":{"line":42,"column":106}},"23":{"start":{"line":42,"column":146},"end":{"line":42,"column":182}},"24":{"start":{"line":43,"column":35},"end":{"line":43,"column":132}},"25":{"start":{"line":43,"column":87},"end":{"line":43,"column":128}},"26":{"start":{"line":45,"column":16},"end":{"line":45,"column":45}},"27":{"start":{"line":46,"column":16},"end":{"line":46,"column":36}},"28":{"start":{"line":47,"column":34},"end":{"line":64,"column":22}},"29":{"start":{"line":48,"column":44},"end":{"line":48,"column":82}},"30":{"start":{"line":49,"column":32},"end":{"line":49,"column":57}},"31":{"start":{"line":51,"column":33},"end":{"line":55,"column":21}},"32":{"start":{"line":57,"column":20},"end":{"line":59,"column":21}},"33":{"start":{"line":58,"column":24},"end":{"line":58,"column":42}},"34":{"start":{"line":61,"column":20},"end":{"line":61,"column":44}},"35":{"start":{"line":63,"column":20},"end":{"line":63,"column":35}},"36":{"start":{"line":66,"column":16},"end":{"line":88,"column":17}},"37":{"start":{"line":68,"column":35},"end":{"line":68,"column":36}},"38":{"start":{"line":69,"column":36},"end":{"line":69,"column":37}},"39":{"start":{"line":70,"column":36},"end":{"line":70,"column":37}},"40":{"start":{"line":73,"column":20},"end":{"line":81,"column":23}},"41":{"start":{"line":74,"column":24},"end":{"line":74,"column":56}},"42":{"start":{"line":76,"column":24},"end":{"line":80,"column":25}},"43":{"start":{"line":77,"column":28},"end":{"line":77,"column":56}},"44":{"start":{"line":78,"column":31},"end":{"line":80,"column":25}},"45":{"start":{"line":79,"column":28},"end":{"line":79,"column":56}},"46":{"start":{"line":84,"column":38},"end":{"line":84,"column":57}},"47":{"start":{"line":85,"column":20},"end":{"line":85,"column":50}},"48":{"start":{"line":86,"column":20},"end":{"line":86,"column":52}},"49":{"start":{"line":87,"column":20},"end":{"line":87,"column":52}},"50":{"start":{"line":90,"column":16},"end":{"line":90,"column":63}},"51":{"start":{"line":90,"column":50},"end":{"line":90,"column":61}},"52":{"start":{"line":91,"column":16},"end":{"line":91,"column":48}},"53":{"start":{"line":91,"column":41},"end":{"line":91,"column":46}},"54":{"start":{"line":95,"column":16},"end":{"line":95,"column":34}},"55":{"start":{"line":102,"column":28},"end":{"line":109,"column":5}},"56":{"start":{"line":103,"column":8},"end":{"line":108,"column":9}},"57":{"start":{"line":104,"column":12},"end":{"line":104,"column":32}},"58":{"start":{"line":105,"column":12},"end":{"line":105,"column":44}},"59":{"start":{"line":107,"column":12},"end":{"line":107,"column":46}},"60":{"start":{"line":111,"column":28},"end":{"line":118,"column":5}},"61":{"start":{"line":112,"column":8},"end":{"line":117,"column":9}},"62":{"start":{"line":113,"column":12},"end":{"line":113,"column":31}},"63":{"start":{"line":114,"column":12},"end":{"line":114,"column":44}},"64":{"start":{"line":116,"column":12},"end":{"line":116,"column":46}},"65":{"start":{"line":120,"column":28},"end":{"line":123,"column":5}},"66":{"start":{"line":121,"column":12},"end":{"line":121,"column":56}},"67":{"start":{"line":121,"column":47},"end":{"line":121,"column":55}},"68":{"start":{"line":122,"column":12},"end":{"line":122,"column":33}},"69":{"start":{"line":124,"column":23},"end":{"line":166,"column":5}},"70":{"start":{"line":125,"column":29},"end":{"line":125,"column":31}},"71":{"start":{"line":127,"column":8},"end":{"line":129,"column":9}},"72":{"start":{"line":127,"column":21},"end":{"line":127,"column":22}},"73":{"start":{"line":128,"column":12},"end":{"line":128,"column":89}},"74":{"start":{"line":131,"column":8},"end":{"line":163,"column":9}},"75":{"start":{"line":131,"column":23},"end":{"line":131,"column":24}},"76":{"start":{"line":132,"column":30},"end":{"line":132,"column":83}},"77":{"start":{"line":133,"column":28},"end":{"line":133,"column":64}},"78":{"start":{"line":134,"column":12},"end":{"line":162,"column":14}},"79":{"start":{"line":155,"column":66},"end":{"line":155,"column":92}},"80":{"start":{"line":165,"column":8},"end":{"line":165,"column":28}},"81":{"start":{"line":168,"column":23},"end":{"line":170,"column":5}},"82":{"start":{"line":169,"column":8},"end":{"line":169,"column":29}},"83":{"start":{"line":174,"column":4},"end":{"line":209,"column":6}},"84":{"start":{"line":193,"column":20},"end":{"line":193,"column":78}}},"fnMap":{"0":{"name":"(anonymous_0)","decl":{"start":{"line":15,"column":17},"end":{"line":15,"column":18}},"loc":{"start":{"line":15,"column":23},"end":{"line":210,"column":1}},"line":15},"1":{"name":"(anonymous_1)","decl":{"start":{"line":32,"column":14},"end":{"line":32,"column":15}},"loc":{"start":{"line":32,"column":20},"end":{"line":98,"column":5}},"line":32},"2":{"name":"(anonymous_2)","decl":{"start":{"line":33,"column":19},"end":{"line":33,"column":20}},"loc":{"start":{"line":33,"column":33},"end":{"line":33,"column":37}},"line":33},"3":{"name":"(anonymous_3)","decl":{"start":{"line":40,"column":12},"end":{"line":40,"column":13}},"loc":{"start":{"line":40,"column":26},"end":{"line":92,"column":13}},"line":40},"4":{"name":"(anonymous_4)","decl":{"start":{"line":42,"column":60},"end":{"line":42,"column":61}},"loc":{"start":{"line":42,"column":77},"end":{"line":42,"column":106}},"line":42},"5":{"name":"(anonymous_5)","decl":{"start":{"line":42,"column":115},"end":{"line":42,"column":116}},"loc":{"start":{"line":42,"column":146},"end":{"line":42,"column":182}},"line":42},"6":{"name":"(anonymous_6)","decl":{"start":{"line":43,"column":56},"end":{"line":43,"column":57}},"loc":{"start":{"line":43,"column":87},"end":{"line":43,"column":128}},"line":43},"7":{"name":"(anonymous_7)","decl":{"start":{"line":47,"column":54},"end":{"line":47,"column":55}},"loc":{"start":{"line":47,"column":80},"end":{"line":64,"column":17}},"line":47},"8":{"name":"(anonymous_8)","decl":{"start":{"line":73,"column":45},"end":{"line":73,"column":46}},"loc":{"start":{"line":73,"column":53},"end":{"line":81,"column":21}},"line":73},"9":{"name":"(anonymous_9)","decl":{"start":{"line":90,"column":29},"end":{"line":90,"column":30}},"loc":{"start":{"line":90,"column":50},"end":{"line":90,"column":61}},"line":90},"10":{"name":"(anonymous_10)","decl":{"start":{"line":91,"column":27},"end":{"line":91,"column":28}},"loc":{"start":{"line":91,"column":41},"end":{"line":91,"column":46}},"line":91},"11":{"name":"(anonymous_11)","decl":{"start":{"line":94,"column":12},"end":{"line":94,"column":13}},"loc":{"start":{"line":94,"column":23},"end":{"line":96,"column":13}},"line":94},"12":{"name":"(anonymous_12)","decl":{"start":{"line":102,"column":28},"end":{"line":102,"column":29}},"loc":{"start":{"line":102,"column":34},"end":{"line":109,"column":5}},"line":102},"13":{"name":"(anonymous_13)","decl":{"start":{"line":111,"column":28},"end":{"line":111,"column":29}},"loc":{"start":{"line":111,"column":34},"end":{"line":118,"column":5}},"line":111},"14":{"name":"(anonymous_14)","decl":{"start":{"line":120,"column":28},"end":{"line":120,"column":29}},"loc":{"start":{"line":120,"column":40},"end":{"line":123,"column":5}},"line":120},"15":{"name":"(anonymous_15)","decl":{"start":{"line":121,"column":28},"end":{"line":121,"column":29}},"loc":{"start":{"line":121,"column":47},"end":{"line":121,"column":55}},"line":121},"16":{"name":"(anonymous_16)","decl":{"start":{"line":124,"column":23},"end":{"line":124,"column":24}},"loc":{"start":{"line":124,"column":29},"end":{"line":166,"column":5}},"line":124},"17":{"name":"(anonymous_17)","decl":{"start":{"line":155,"column":61},"end":{"line":155,"column":62}},"loc":{"start":{"line":155,"column":66},"end":{"line":155,"column":92}},"line":155},"18":{"name":"(anonymous_18)","decl":{"start":{"line":168,"column":23},"end":{"line":168,"column":24}},"loc":{"start":{"line":168,"column":27},"end":{"line":170,"column":5}},"line":168},"19":{"name":"(anonymous_19)","decl":{"start":{"line":192,"column":32},"end":{"line":192,"column":33}},"loc":{"start":{"line":193,"column":20},"end":{"line":193,"column":78}},"line":193}},"branchMap":{"0":{"loc":{"start":{"line":30,"column":27},"end":{"line":30,"column":99}},"type":"binary-expr","locations":[{"start":{"line":30,"column":27},"end":{"line":30,"column":62}},{"start":{"line":30,"column":66},"end":{"line":30,"column":99}}],"line":30},"1":{"loc":{"start":{"line":57,"column":20},"end":{"line":59,"column":21}},"type":"if","locations":[{"start":{"line":57,"column":20},"end":{"line":59,"column":21}},{"start":{},"end":{}}],"line":57},"2":{"loc":{"start":{"line":76,"column":24},"end":{"line":80,"column":25}},"type":"if","locations":[{"start":{"line":76,"column":24},"end":{"line":80,"column":25}},{"start":{"line":78,"column":31},"end":{"line":80,"column":25}}],"line":76},"3":{"loc":{"start":{"line":78,"column":31},"end":{"line":80,"column":25}},"type":"if","locations":[{"start":{"line":78,"column":31},"end":{"line":80,"column":25}},{"start":{},"end":{}}],"line":78},"4":{"loc":{"start":{"line":103,"column":8},"end":{"line":108,"column":9}},"type":"if","locations":[{"start":{"line":103,"column":8},"end":{"line":108,"column":9}},{"start":{"line":106,"column":15},"end":{"line":108,"column":9}}],"line":103},"5":{"loc":{"start":{"line":112,"column":8},"end":{"line":117,"column":9}},"type":"if","locations":[{"start":{"line":112,"column":8},"end":{"line":117,"column":9}},{"start":{"line":115,"column":15},"end":{"line":117,"column":9}}],"line":112},"6":{"loc":{"start":{"line":132,"column":30},"end":{"line":132,"column":83}},"type":"cond-expr","locations":[{"start":{"line":132,"column":42},"end":{"line":132,"column":78}},{"start":{"line":132,"column":81},"end":{"line":132,"column":83}}],"line":132},"7":{"loc":{"start":{"line":132,"column":42},"end":{"line":132,"column":78}},"type":"cond-expr","locations":[{"start":{"line":132,"column":59},"end":{"line":132,"column":73}},{"start":{"line":132,"column":76},"end":{"line":132,"column":78}}],"line":132},"8":{"loc":{"start":{"line":133,"column":28},"end":{"line":133,"column":64}},"type":"binary-expr","locations":[{"start":{"line":133,"column":28},"end":{"line":133,"column":42}},{"start":{"line":133,"column":46},"end":{"line":133,"column":64}}],"line":133},"9":{"loc":{"start":{"line":135,"column":58},"end":{"line":135,"column":80}},"type":"cond-expr","locations":[{"start":{"line":135,"column":68},"end":{"line":135,"column":75}},{"start":{"line":135,"column":78},"end":{"line":135,"column":80}}],"line":135},"10":{"loc":{"start":{"line":138,"column":24},"end":{"line":159,"column":35}},"type":"cond-expr","locations":[{"start":{"line":138,"column":34},"end":{"line":138,"column":46}},{"start":{"line":139,"column":29},"end":{"line":159,"column":34}}],"line":138},"11":{"loc":{"start":{"line":140,"column":33},"end":{"line":157,"column":44}},"type":"cond-expr","locations":[{"start":{"line":142,"column":40},"end":{"line":156,"column":46}},{"start":{"line":157,"column":40},"end":{"line":157,"column":44}}],"line":140},"12":{"loc":{"start":{"line":199,"column":13},"end":{"line":206,"column":14}},"type":"binary-expr","locations":[{"start":{"line":199,"column":13},"end":{"line":199,"column":24}},{"start":{"line":199,"column":30},"end":{"line":206,"column":13}}],"line":199}},"s":{"0":1,"1":1,"2":1,"3":8,"4":7,"5":7,"6":7,"7":7,"8":7,"9":7,"10":7,"11":7,"12":7,"13":7,"14":7,"15":7,"16":7,"17":3,"18":3,"19":3,"20":3,"21":3,"22":1,"23":1,"24":3,"25":1,"26":3,"27":3,"28":3,"29":1,"30":1,"31":1,"32":1,"33":1,"34":1,"35":1,"36":3,"37":1,"38":1,"39":1,"40":1,"41":1,"42":1,"43":1,"44":0,"45":0,"46":1,"47":1,"48":1,"49":1,"50":3,"51":2,"52":3,"53":1,"54":0,"55":7,"56":0,"57":0,"58":0,"59":0,"60":7,"61":1,"62":0,"63":0,"64":1,"65":7,"66":0,"67":0,"68":0,"69":7,"70":7,"71":7,"72":7,"73":4,"74":7,"75":7,"76":212,"77":212,"78":212,"79":0,"80":7,"81":7,"82":0,"83":7,"84":49},"f":{"0":8,"1":3,"2":3,"3":3,"4":1,"5":1,"6":1,"7":1,"8":1,"9":2,"10":1,"11":0,"12":0,"13":1,"14":0,"15":0,"16":7,"17":0,"18":0,"19":49},"b":{"0":[7,7],"1":[1,0],"2":[1,0],"3":[0,0],"4":[0,0],"5":[0,1],"6":[30,182],"7":[1,29],"8":[212,150],"9":[5,207],"10":[122,90],"11":[1,89],"12":[7,0]},"_coverageSchema":"1a1c01bbd47fc00a2c39e90264f33305004495a9","hash":"c1fd9e9775ad11b21a47f9c08ba39e194029c51c"}
,"D:\\latest-technology\\react-app\\src\\Admin\\Calendar\\InstallmentList.jsx": {"path":"D:\\latest-technology\\react-app\\src\\Admin\\Calendar\\InstallmentList.jsx","statementMap":{"0":{"start":{"line":11,"column":36},"end":{"line":134,"column":1}},"1":{"start":{"line":12,"column":30},"end":{"line":12,"column":42}},"2":{"start":{"line":13,"column":4},"end":{"line":17,"column":50}},"3":{"start":{"line":14,"column":21},"end":{"line":14,"column":99}},"4":{"start":{"line":15,"column":27},"end":{"line":15,"column":56}},"5":{"start":{"line":16,"column":8},"end":{"line":16,"column":42}},"6":{"start":{"line":16,"column":30},"end":{"line":16,"column":40}},"7":{"start":{"line":19,"column":24},"end":{"line":96,"column":5}},"8":{"start":{"line":24,"column":16},"end":{"line":24,"column":64}},"9":{"start":{"line":31,"column":16},"end":{"line":31,"column":68}},"10":{"start":{"line":38,"column":16},"end":{"line":38,"column":71}},"11":{"start":{"line":45,"column":16},"end":{"line":45,"column":66}},"12":{"start":{"line":52,"column":16},"end":{"line":52,"column":114}},"13":{"start":{"line":59,"column":16},"end":{"line":59,"column":74}},"14":{"start":{"line":70,"column":16},"end":{"line":70,"column":69}},"15":{"start":{"line":77,"column":16},"end":{"line":77,"column":121}},"16":{"start":{"line":84,"column":16},"end":{"line":84,"column":100}},"17":{"start":{"line":91,"column":16},"end":{"line":93,"column":20}},"18":{"start":{"line":92,"column":72},"end":{"line":92,"column":84}},"19":{"start":{"line":98,"column":19},"end":{"line":100,"column":5}},"20":{"start":{"line":99,"column":8},"end":{"line":99,"column":26}},"21":{"start":{"line":102,"column":18},"end":{"line":113,"column":5}},"22":{"start":{"line":103,"column":28},"end":{"line":103,"column":71}},"23":{"start":{"line":104,"column":23},"end":{"line":106,"column":21}},"24":{"start":{"line":105,"column":26},"end":{"line":105,"column":41}},"25":{"start":{"line":107,"column":8},"end":{"line":107,"column":82}},"26":{"start":{"line":108,"column":8},"end":{"line":108,"column":52}},"27":{"start":{"line":109,"column":8},"end":{"line":109,"column":84}},"28":{"start":{"line":110,"column":8},"end":{"line":110,"column":53}},"29":{"start":{"line":111,"column":8},"end":{"line":111,"column":37}},"30":{"start":{"line":112,"column":8},"end":{"line":112,"column":28}},"31":{"start":{"line":115,"column":4},"end":{"line":133,"column":6}},"32":{"start":{"line":136,"column":0},"end":{"line":165,"column":2}}},"fnMap":{"0":{"name":"(anonymous_0)","decl":{"start":{"line":11,"column":36},"end":{"line":11,"column":37}},"loc":{"start":{"line":11,"column":94},"end":{"line":134,"column":1}},"line":11},"1":{"name":"(anonymous_1)","decl":{"start":{"line":13,"column":14},"end":{"line":13,"column":15}},"loc":{"start":{"line":13,"column":20},"end":{"line":17,"column":5}},"line":13},"2":{"name":"(anonymous_2)","decl":{"start":{"line":16,"column":17},"end":{"line":16,"column":18}},"loc":{"start":{"line":16,"column":30},"end":{"line":16,"column":40}},"line":16},"3":{"name":"(anonymous_3)","decl":{"start":{"line":23,"column":21},"end":{"line":23,"column":22}},"loc":{"start":{"line":23,"column":37},"end":{"line":25,"column":13}},"line":23},"4":{"name":"(anonymous_4)","decl":{"start":{"line":30,"column":21},"end":{"line":30,"column":22}},"loc":{"start":{"line":30,"column":37},"end":{"line":32,"column":13}},"line":30},"5":{"name":"(anonymous_5)","decl":{"start":{"line":37,"column":21},"end":{"line":37,"column":22}},"loc":{"start":{"line":37,"column":37},"end":{"line":39,"column":13}},"line":37},"6":{"name":"(anonymous_6)","decl":{"start":{"line":44,"column":21},"end":{"line":44,"column":22}},"loc":{"start":{"line":44,"column":37},"end":{"line":46,"column":13}},"line":44},"7":{"name":"(anonymous_7)","decl":{"start":{"line":51,"column":21},"end":{"line":51,"column":22}},"loc":{"start":{"line":51,"column":37},"end":{"line":53,"column":13}},"line":51},"8":{"name":"(anonymous_8)","decl":{"start":{"line":58,"column":21},"end":{"line":58,"column":22}},"loc":{"start":{"line":58,"column":37},"end":{"line":60,"column":13}},"line":58},"9":{"name":"(anonymous_9)","decl":{"start":{"line":69,"column":21},"end":{"line":69,"column":22}},"loc":{"start":{"line":69,"column":37},"end":{"line":71,"column":13}},"line":69},"10":{"name":"(anonymous_10)","decl":{"start":{"line":76,"column":21},"end":{"line":76,"column":22}},"loc":{"start":{"line":76,"column":37},"end":{"line":78,"column":13}},"line":76},"11":{"name":"(anonymous_11)","decl":{"start":{"line":83,"column":21},"end":{"line":83,"column":22}},"loc":{"start":{"line":83,"column":37},"end":{"line":85,"column":13}},"line":83},"12":{"name":"(anonymous_12)","decl":{"start":{"line":90,"column":21},"end":{"line":90,"column":22}},"loc":{"start":{"line":90,"column":37},"end":{"line":94,"column":13}},"line":90},"13":{"name":"(anonymous_13)","decl":{"start":{"line":92,"column":66},"end":{"line":92,"column":67}},"loc":{"start":{"line":92,"column":72},"end":{"line":92,"column":84}},"line":92},"14":{"name":"(anonymous_14)","decl":{"start":{"line":98,"column":19},"end":{"line":98,"column":20}},"loc":{"start":{"line":98,"column":29},"end":{"line":100,"column":5}},"line":98},"15":{"name":"(anonymous_15)","decl":{"start":{"line":102,"column":18},"end":{"line":102,"column":19}},"loc":{"start":{"line":102,"column":24},"end":{"line":113,"column":5}},"line":102},"16":{"name":"(anonymous_16)","decl":{"start":{"line":105,"column":17},"end":{"line":105,"column":18}},"loc":{"start":{"line":105,"column":26},"end":{"line":105,"column":41}},"line":105}},"branchMap":{"0":{"loc":{"start":{"line":77,"column":30},"end":{"line":77,"column":112}},"type":"binary-expr","locations":[{"start":{"line":77,"column":30},"end":{"line":77,"column":46}},{"start":{"line":77,"column":51},"end":{"line":77,"column":111}}],"line":77},"1":{"loc":{"start":{"line":84,"column":30},"end":{"line":84,"column":91}},"type":"binary-expr","locations":[{"start":{"line":84,"column":30},"end":{"line":84,"column":45}},{"start":{"line":84,"column":50},"end":{"line":84,"column":90}}],"line":84},"2":{"loc":{"start":{"line":92,"column":21},"end":{"line":92,"column":106}},"type":"cond-expr","locations":[{"start":{"line":92,"column":49},"end":{"line":92,"column":98}},{"start":{"line":92,"column":102},"end":{"line":92,"column":106}}],"line":92}},"s":{"0":1,"1":8,"2":8,"3":4,"4":4,"5":4,"6":4,"7":8,"8":8,"9":8,"10":8,"11":8,"12":8,"13":8,"14":8,"15":8,"16":8,"17":8,"18":0,"19":8,"20":0,"21":8,"22":1,"23":1,"24":1,"25":1,"26":1,"27":1,"28":1,"29":1,"30":1,"31":8,"32":1},"f":{"0":8,"1":4,"2":4,"3":8,"4":8,"5":8,"6":8,"7":8,"8":8,"9":8,"10":8,"11":8,"12":8,"13":0,"14":0,"15":1,"16":1},"b":{"0":[8,8],"1":[8,8],"2":[8,0]},"_coverageSchema":"1a1c01bbd47fc00a2c39e90264f33305004495a9","hash":"ce2c7e509c9e5c26dc79744854a597d6af9fbb50"}
,"D:\\latest-technology\\react-app\\src\\Admin\\Customer\\AddCustomer.jsx": {"path":"D:\\latest-technology\\react-app\\src\\Admin\\Customer\\AddCustomer.jsx","statementMap":{"0":{"start":{"line":13,"column":18},"end":{"line":22,"column":1}},"1":{"start":{"line":24,"column":27},"end":{"line":289,"column":1}},"2":{"start":{"line":25,"column":28},"end":{"line":25,"column":43}},"3":{"start":{"line":26,"column":34},"end":{"line":26,"column":49}},"4":{"start":{"line":27,"column":36},"end":{"line":36,"column":6}},"5":{"start":{"line":37,"column":21},"end":{"line":37,"column":34}},"6":{"start":{"line":38,"column":19},"end":{"line":38,"column":30}},"7":{"start":{"line":39,"column":40},"end":{"line":39,"column":52}},"8":{"start":{"line":40,"column":38},"end":{"line":40,"column":50}},"9":{"start":{"line":41,"column":38},"end":{"line":41,"column":53}},"10":{"start":{"line":42,"column":32},"end":{"line":42,"column":44}},"11":{"start":{"line":43,"column":21},"end":{"line":43,"column":34}},"12":{"start":{"line":45,"column":4},"end":{"line":71,"column":12}},"13":{"start":{"line":46,"column":8},"end":{"line":70,"column":9}},"14":{"start":{"line":47,"column":12},"end":{"line":47,"column":28}},"15":{"start":{"line":48,"column":12},"end":{"line":48,"column":29}},"16":{"start":{"line":49,"column":12},"end":{"line":69,"column":17}},"17":{"start":{"line":51,"column":20},"end":{"line":51,"column":51}},"18":{"start":{"line":52,"column":20},"end":{"line":61,"column":24}},"19":{"start":{"line":52,"column":49},"end":{"line":61,"column":21}},"20":{"start":{"line":62,"column":20},"end":{"line":62,"column":83}},"21":{"start":{"line":62,"column":52},"end":{"line":62,"column":82}},"22":{"start":{"line":63,"column":20},"end":{"line":63,"column":38}},"23":{"start":{"line":67,"column":24},"end":{"line":67,"column":42}},"24":{"start":{"line":73,"column":29},"end":{"line":86,"column":5}},"25":{"start":{"line":74,"column":26},"end":{"line":84,"column":10}},"26":{"start":{"line":85,"column":8},"end":{"line":85,"column":81}},"27":{"start":{"line":85,"column":44},"end":{"line":85,"column":78}},"28":{"start":{"line":88,"column":27},"end":{"line":114,"column":5}},"29":{"start":{"line":89,"column":22},"end":{"line":89,"column":24}},"30":{"start":{"line":91,"column":8},"end":{"line":93,"column":9}},"31":{"start":{"line":92,"column":12},"end":{"line":92,"column":53}},"32":{"start":{"line":94,"column":8},"end":{"line":96,"column":9}},"33":{"start":{"line":95,"column":12},"end":{"line":95,"column":52}},"34":{"start":{"line":97,"column":8},"end":{"line":99,"column":9}},"35":{"start":{"line":98,"column":12},"end":{"line":98,"column":42}},"36":{"start":{"line":100,"column":8},"end":{"line":102,"column":9}},"37":{"start":{"line":101,"column":12},"end":{"line":101,"column":46}},"38":{"start":{"line":103,"column":8},"end":{"line":105,"column":9}},"39":{"start":{"line":104,"column":12},"end":{"line":104,"column":46}},"40":{"start":{"line":106,"column":8},"end":{"line":108,"column":9}},"41":{"start":{"line":107,"column":12},"end":{"line":107,"column":46}},"42":{"start":{"line":109,"column":8},"end":{"line":111,"column":9}},"43":{"start":{"line":110,"column":12},"end":{"line":110,"column":51}},"44":{"start":{"line":113,"column":8},"end":{"line":113,"column":21}},"45":{"start":{"line":116,"column":33},"end":{"line":160,"column":5}},"46":{"start":{"line":117,"column":22},"end":{"line":117,"column":38}},"47":{"start":{"line":118,"column":8},"end":{"line":118,"column":28}},"48":{"start":{"line":120,"column":8},"end":{"line":159,"column":9}},"49":{"start":{"line":121,"column":12},"end":{"line":121,"column":65}},"50":{"start":{"line":122,"column":12},"end":{"line":122,"column":29}},"51":{"start":{"line":123,"column":24},"end":{"line":123,"column":95}},"52":{"start":{"line":124,"column":12},"end":{"line":154,"column":13}},"53":{"start":{"line":125,"column":16},"end":{"line":139,"column":22}},"54":{"start":{"line":128,"column":28},"end":{"line":128,"column":46}},"55":{"start":{"line":129,"column":28},"end":{"line":129,"column":59}},"56":{"start":{"line":131,"column":28},"end":{"line":131,"column":83}},"57":{"start":{"line":132,"column":28},"end":{"line":132,"column":49}},"58":{"start":{"line":135,"column":24},"end":{"line":135,"column":42}},"59":{"start":{"line":137,"column":24},"end":{"line":137,"column":54}},"60":{"start":{"line":138,"column":24},"end":{"line":138,"column":43}},"61":{"start":{"line":141,"column":16},"end":{"line":153,"column":18}},"62":{"start":{"line":144,"column":24},"end":{"line":144,"column":42}},"63":{"start":{"line":145,"column":24},"end":{"line":145,"column":77}},"64":{"start":{"line":146,"column":24},"end":{"line":146,"column":45}},"65":{"start":{"line":149,"column":20},"end":{"line":149,"column":38}},"66":{"start":{"line":151,"column":20},"end":{"line":151,"column":50}},"67":{"start":{"line":152,"column":20},"end":{"line":152,"column":39}},"68":{"start":{"line":156,"column":12},"end":{"line":156,"column":52}},"69":{"start":{"line":157,"column":12},"end":{"line":157,"column":44}},"70":{"start":{"line":158,"column":12},"end":{"line":158,"column":31}},"71":{"start":{"line":162,"column":24},"end":{"line":170,"column":5}},"72":{"start":{"line":163,"column":32},"end":{"line":163,"column":40}},"73":{"start":{"line":164,"column":8},"end":{"line":164,"column":74}},"74":{"start":{"line":164,"column":37},"end":{"line":164,"column":71}},"75":{"start":{"line":165,"column":8},"end":{"line":168,"column":12}},"76":{"start":{"line":165,"column":35},"end":{"line":168,"column":9}},"77":{"start":{"line":172,"column":25},"end":{"line":176,"column":5}},"78":{"start":{"line":173,"column":8},"end":{"line":175,"column":9}},"79":{"start":{"line":174,"column":12},"end":{"line":174,"column":81}},"80":{"start":{"line":174,"column":43},"end":{"line":174,"column":79}},"81":{"start":{"line":178,"column":4},"end":{"line":288,"column":5}},"82":{"start":{"line":192,"column":49},"end":{"line":192,"column":63}},"83":{"start":{"line":203,"column":49},"end":{"line":203,"column":63}},"84":{"start":{"line":215,"column":49},"end":{"line":215,"column":63}},"85":{"start":{"line":237,"column":49},"end":{"line":237,"column":63}},"86":{"start":{"line":249,"column":49},"end":{"line":249,"column":63}},"87":{"start":{"line":261,"column":49},"end":{"line":261,"column":63}},"88":{"start":{"line":273,"column":49},"end":{"line":273,"column":63}},"89":{"start":{"line":286,"column":69},"end":{"line":286,"column":88}}},"fnMap":{"0":{"name":"(anonymous_0)","decl":{"start":{"line":24,"column":27},"end":{"line":24,"column":28}},"loc":{"start":{"line":24,"column":33},"end":{"line":289,"column":1}},"line":24},"1":{"name":"(anonymous_1)","decl":{"start":{"line":45,"column":14},"end":{"line":45,"column":15}},"loc":{"start":{"line":45,"column":20},"end":{"line":71,"column":5}},"line":45},"2":{"name":"(anonymous_2)","decl":{"start":{"line":50,"column":22},"end":{"line":50,"column":23}},"loc":{"start":{"line":50,"column":36},"end":{"line":64,"column":17}},"line":50},"3":{"name":"(anonymous_3)","decl":{"start":{"line":52,"column":32},"end":{"line":52,"column":33}},"loc":{"start":{"line":52,"column":49},"end":{"line":61,"column":21}},"line":52},"4":{"name":"(anonymous_4)","decl":{"start":{"line":62,"column":34},"end":{"line":62,"column":35}},"loc":{"start":{"line":62,"column":52},"end":{"line":62,"column":82}},"line":62},"5":{"name":"(anonymous_5)","decl":{"start":{"line":66,"column":20},"end":{"line":66,"column":21}},"loc":{"start":{"line":66,"column":29},"end":{"line":68,"column":21}},"line":66},"6":{"name":"(anonymous_6)","decl":{"start":{"line":73,"column":29},"end":{"line":73,"column":30}},"loc":{"start":{"line":73,"column":46},"end":{"line":86,"column":5}},"line":73},"7":{"name":"(anonymous_7)","decl":{"start":{"line":85,"column":33},"end":{"line":85,"column":34}},"loc":{"start":{"line":85,"column":44},"end":{"line":85,"column":78}},"line":85},"8":{"name":"(anonymous_8)","decl":{"start":{"line":88,"column":27},"end":{"line":88,"column":28}},"loc":{"start":{"line":88,"column":33},"end":{"line":114,"column":5}},"line":88},"9":{"name":"(anonymous_9)","decl":{"start":{"line":116,"column":33},"end":{"line":116,"column":34}},"loc":{"start":{"line":116,"column":39},"end":{"line":160,"column":5}},"line":116},"10":{"name":"(anonymous_10)","decl":{"start":{"line":127,"column":24},"end":{"line":127,"column":25}},"loc":{"start":{"line":127,"column":38},"end":{"line":133,"column":25}},"line":127},"11":{"name":"(anonymous_11)","decl":{"start":{"line":134,"column":28},"end":{"line":134,"column":29}},"loc":{"start":{"line":134,"column":39},"end":{"line":139,"column":21}},"line":134},"12":{"name":"(anonymous_12)","decl":{"start":{"line":143,"column":20},"end":{"line":143,"column":21}},"loc":{"start":{"line":143,"column":34},"end":{"line":147,"column":21}},"line":143},"13":{"name":"(anonymous_13)","decl":{"start":{"line":148,"column":24},"end":{"line":148,"column":25}},"loc":{"start":{"line":148,"column":35},"end":{"line":153,"column":17}},"line":148},"14":{"name":"(anonymous_14)","decl":{"start":{"line":162,"column":24},"end":{"line":162,"column":25}},"loc":{"start":{"line":162,"column":31},"end":{"line":170,"column":5}},"line":162},"15":{"name":"(anonymous_15)","decl":{"start":{"line":164,"column":20},"end":{"line":164,"column":21}},"loc":{"start":{"line":164,"column":37},"end":{"line":164,"column":71}},"line":164},"16":{"name":"(anonymous_16)","decl":{"start":{"line":165,"column":21},"end":{"line":165,"column":22}},"loc":{"start":{"line":165,"column":35},"end":{"line":168,"column":9}},"line":165},"17":{"name":"(anonymous_17)","decl":{"start":{"line":172,"column":25},"end":{"line":172,"column":26}},"loc":{"start":{"line":172,"column":35},"end":{"line":176,"column":5}},"line":172},"18":{"name":"(anonymous_18)","decl":{"start":{"line":174,"column":24},"end":{"line":174,"column":25}},"loc":{"start":{"line":174,"column":43},"end":{"line":174,"column":79}},"line":174},"19":{"name":"(anonymous_19)","decl":{"start":{"line":192,"column":42},"end":{"line":192,"column":43}},"loc":{"start":{"line":192,"column":49},"end":{"line":192,"column":63}},"line":192},"20":{"name":"(anonymous_20)","decl":{"start":{"line":203,"column":42},"end":{"line":203,"column":43}},"loc":{"start":{"line":203,"column":49},"end":{"line":203,"column":63}},"line":203},"21":{"name":"(anonymous_21)","decl":{"start":{"line":215,"column":42},"end":{"line":215,"column":43}},"loc":{"start":{"line":215,"column":49},"end":{"line":215,"column":63}},"line":215},"22":{"name":"(anonymous_22)","decl":{"start":{"line":237,"column":42},"end":{"line":237,"column":43}},"loc":{"start":{"line":237,"column":49},"end":{"line":237,"column":63}},"line":237},"23":{"name":"(anonymous_23)","decl":{"start":{"line":249,"column":42},"end":{"line":249,"column":43}},"loc":{"start":{"line":249,"column":49},"end":{"line":249,"column":63}},"line":249},"24":{"name":"(anonymous_24)","decl":{"start":{"line":261,"column":42},"end":{"line":261,"column":43}},"loc":{"start":{"line":261,"column":49},"end":{"line":261,"column":63}},"line":261},"25":{"name":"(anonymous_25)","decl":{"start":{"line":273,"column":42},"end":{"line":273,"column":43}},"loc":{"start":{"line":273,"column":49},"end":{"line":273,"column":63}},"line":273},"26":{"name":"(anonymous_26)","decl":{"start":{"line":286,"column":63},"end":{"line":286,"column":64}},"loc":{"start":{"line":286,"column":69},"end":{"line":286,"column":88}},"line":286}},"branchMap":{"0":{"loc":{"start":{"line":46,"column":8},"end":{"line":70,"column":9}},"type":"if","locations":[{"start":{"line":46,"column":8},"end":{"line":70,"column":9}},{"start":{},"end":{}}],"line":46},"1":{"loc":{"start":{"line":91,"column":8},"end":{"line":93,"column":9}},"type":"if","locations":[{"start":{"line":91,"column":8},"end":{"line":93,"column":9}},{"start":{},"end":{}}],"line":91},"2":{"loc":{"start":{"line":94,"column":8},"end":{"line":96,"column":9}},"type":"if","locations":[{"start":{"line":94,"column":8},"end":{"line":96,"column":9}},{"start":{},"end":{}}],"line":94},"3":{"loc":{"start":{"line":97,"column":8},"end":{"line":99,"column":9}},"type":"if","locations":[{"start":{"line":97,"column":8},"end":{"line":99,"column":9}},{"start":{},"end":{}}],"line":97},"4":{"loc":{"start":{"line":100,"column":8},"end":{"line":102,"column":9}},"type":"if","locations":[{"start":{"line":100,"column":8},"end":{"line":102,"column":9}},{"start":{},"end":{}}],"line":100},"5":{"loc":{"start":{"line":103,"column":8},"end":{"line":105,"column":9}},"type":"if","locations":[{"start":{"line":103,"column":8},"end":{"line":105,"column":9}},{"start":{},"end":{}}],"line":103},"6":{"loc":{"start":{"line":106,"column":8},"end":{"line":108,"column":9}},"type":"if","locations":[{"start":{"line":106,"column":8},"end":{"line":108,"column":9}},{"start":{},"end":{}}],"line":106},"7":{"loc":{"start":{"line":109,"column":8},"end":{"line":111,"column":9}},"type":"if","locations":[{"start":{"line":109,"column":8},"end":{"line":111,"column":9}},{"start":{},"end":{}}],"line":109},"8":{"loc":{"start":{"line":120,"column":8},"end":{"line":159,"column":9}},"type":"if","locations":[{"start":{"line":120,"column":8},"end":{"line":159,"column":9}},{"start":{"line":155,"column":15},"end":{"line":159,"column":9}}],"line":120},"9":{"loc":{"start":{"line":123,"column":24},"end":{"line":123,"column":95}},"type":"cond-expr","locations":[{"start":{"line":123,"column":42},"end":{"line":123,"column":74}},{"start":{"line":123,"column":77},"end":{"line":123,"column":95}}],"line":123},"10":{"loc":{"start":{"line":124,"column":12},"end":{"line":154,"column":13}},"type":"if","locations":[{"start":{"line":124,"column":12},"end":{"line":154,"column":13}},{"start":{"line":140,"column":17},"end":{"line":154,"column":13}}],"line":124},"11":{"loc":{"start":{"line":167,"column":20},"end":{"line":167,"column":72}},"type":"cond-expr","locations":[{"start":{"line":167,"column":35},"end":{"line":167,"column":67}},{"start":{"line":167,"column":70},"end":{"line":167,"column":72}}],"line":167},"12":{"loc":{"start":{"line":173,"column":8},"end":{"line":175,"column":9}},"type":"if","locations":[{"start":{"line":173,"column":8},"end":{"line":175,"column":9}},{"start":{},"end":{}}],"line":173},"13":{"loc":{"start":{"line":180,"column":13},"end":{"line":180,"column":41}},"type":"cond-expr","locations":[{"start":{"line":180,"column":23},"end":{"line":180,"column":34}},{"start":{"line":180,"column":37},"end":{"line":180,"column":41}}],"line":180},"14":{"loc":{"start":{"line":282,"column":25},"end":{"line":282,"column":76}},"type":"cond-expr","locations":[{"start":{"line":282,"column":43},"end":{"line":282,"column":60}},{"start":{"line":282,"column":62},"end":{"line":282,"column":76}}],"line":282},"15":{"loc":{"start":{"line":286,"column":13},"end":{"line":286,"column":92}},"type":"binary-expr","locations":[{"start":{"line":286,"column":13},"end":{"line":286,"column":22}},{"start":{"line":286,"column":26},"end":{"line":286,"column":92}}],"line":286}},"s":{"0":1,"1":1,"2":1,"3":1,"4":1,"5":1,"6":1,"7":1,"8":1,"9":1,"10":1,"11":1,"12":1,"13":1,"14":0,"15":0,"16":0,"17":0,"18":0,"19":0,"20":0,"21":0,"22":0,"23":0,"24":1,"25":0,"26":0,"27":0,"28":1,"29":0,"30":0,"31":0,"32":0,"33":0,"34":0,"35":0,"36":0,"37":0,"38":0,"39":0,"40":0,"41":0,"42":0,"43":0,"44":0,"45":1,"46":0,"47":0,"48":0,"49":0,"50":0,"51":0,"52":0,"53":0,"54":0,"55":0,"56":0,"57":0,"58":0,"59":0,"60":0,"61":0,"62":0,"63":0,"64":0,"65":0,"66":0,"67":0,"68":0,"69":0,"70":0,"71":1,"72":0,"73":0,"74":0,"75":0,"76":0,"77":1,"78":0,"79":0,"80":0,"81":1,"82":0,"83":0,"84":0,"85":0,"86":0,"87":0,"88":0,"89":0},"f":{"0":1,"1":1,"2":0,"3":0,"4":0,"5":0,"6":0,"7":0,"8":0,"9":0,"10":0,"11":0,"12":0,"13":0,"14":0,"15":0,"16":0,"17":0,"18":0,"19":0,"20":0,"21":0,"22":0,"23":0,"24":0,"25":0,"26":0},"b":{"0":[0,1],"1":[0,0],"2":[0,0],"3":[0,0],"4":[0,0],"5":[0,0],"6":[0,0],"7":[0,0],"8":[0,0],"9":[0,0],"10":[0,0],"11":[0,0],"12":[0,0],"13":[0,1],"14":[0,1],"15":[1,0]},"_coverageSchema":"1a1c01bbd47fc00a2c39e90264f33305004495a9","hash":"58f594784afd3e74190c52f875b84961a0c3c490"}
,"D:\\latest-technology\\react-app\\src\\Admin\\Customer\\CustomerDetail.jsx": {"path":"D:\\latest-technology\\react-app\\src\\Admin\\Customer\\CustomerDetail.jsx","statementMap":{"0":{"start":{"line":9,"column":30},"end":{"line":164,"column":1}},"1":{"start":{"line":10,"column":19},"end":{"line":10,"column":30}},"2":{"start":{"line":11,"column":36},"end":{"line":11,"column":50}},"3":{"start":{"line":12,"column":30},"end":{"line":12,"column":42}},"4":{"start":{"line":13,"column":24},"end":{"line":81,"column":5}},"5":{"start":{"line":18,"column":16},"end":{"line":18,"column":78}},"6":{"start":{"line":29,"column":16},"end":{"line":29,"column":68}},"7":{"start":{"line":36,"column":16},"end":{"line":36,"column":67}},"8":{"start":{"line":43,"column":16},"end":{"line":43,"column":70}},"9":{"start":{"line":50,"column":16},"end":{"line":50,"column":66}},"10":{"start":{"line":65,"column":16},"end":{"line":68,"column":29}},"11":{"start":{"line":75,"column":16},"end":{"line":78,"column":26}},"12":{"start":{"line":82,"column":4},"end":{"line":93,"column":12}},"13":{"start":{"line":83,"column":8},"end":{"line":92,"column":13}},"14":{"start":{"line":85,"column":16},"end":{"line":85,"column":65}},"15":{"start":{"line":85,"column":46},"end":{"line":85,"column":63}},"16":{"start":{"line":86,"column":16},"end":{"line":86,"column":54}},"17":{"start":{"line":86,"column":39},"end":{"line":86,"column":53}},"18":{"start":{"line":90,"column":20},"end":{"line":90,"column":36}},"19":{"start":{"line":95,"column":21},"end":{"line":95,"column":34}},"20":{"start":{"line":96,"column":27},"end":{"line":98,"column":5}},"21":{"start":{"line":97,"column":12},"end":{"line":97,"column":53}},"22":{"start":{"line":100,"column":4},"end":{"line":163,"column":5}}},"fnMap":{"0":{"name":"(anonymous_0)","decl":{"start":{"line":9,"column":30},"end":{"line":9,"column":31}},"loc":{"start":{"line":9,"column":36},"end":{"line":164,"column":1}},"line":9},"1":{"name":"(anonymous_1)","decl":{"start":{"line":17,"column":21},"end":{"line":17,"column":22}},"loc":{"start":{"line":17,"column":35},"end":{"line":19,"column":13}},"line":17},"2":{"name":"(anonymous_2)","decl":{"start":{"line":28,"column":21},"end":{"line":28,"column":22}},"loc":{"start":{"line":28,"column":37},"end":{"line":30,"column":13}},"line":28},"3":{"name":"(anonymous_3)","decl":{"start":{"line":35,"column":21},"end":{"line":35,"column":22}},"loc":{"start":{"line":35,"column":37},"end":{"line":37,"column":13}},"line":35},"4":{"name":"(anonymous_4)","decl":{"start":{"line":42,"column":21},"end":{"line":42,"column":22}},"loc":{"start":{"line":42,"column":37},"end":{"line":44,"column":13}},"line":42},"5":{"name":"(anonymous_5)","decl":{"start":{"line":49,"column":21},"end":{"line":49,"column":22}},"loc":{"start":{"line":49,"column":37},"end":{"line":51,"column":13}},"line":49},"6":{"name":"(anonymous_6)","decl":{"start":{"line":64,"column":21},"end":{"line":64,"column":22}},"loc":{"start":{"line":64,"column":37},"end":{"line":69,"column":13}},"line":64},"7":{"name":"(anonymous_7)","decl":{"start":{"line":74,"column":21},"end":{"line":74,"column":22}},"loc":{"start":{"line":74,"column":37},"end":{"line":79,"column":13}},"line":74},"8":{"name":"(anonymous_8)","decl":{"start":{"line":82,"column":14},"end":{"line":82,"column":15}},"loc":{"start":{"line":82,"column":20},"end":{"line":93,"column":5}},"line":82},"9":{"name":"(anonymous_9)","decl":{"start":{"line":84,"column":18},"end":{"line":84,"column":19}},"loc":{"start":{"line":84,"column":32},"end":{"line":87,"column":13}},"line":84},"10":{"name":"(anonymous_10)","decl":{"start":{"line":85,"column":28},"end":{"line":85,"column":29}},"loc":{"start":{"line":85,"column":46},"end":{"line":85,"column":63}},"line":85},"11":{"name":"(anonymous_11)","decl":{"start":{"line":86,"column":25},"end":{"line":86,"column":26}},"loc":{"start":{"line":86,"column":39},"end":{"line":86,"column":53}},"line":86},"12":{"name":"(anonymous_12)","decl":{"start":{"line":89,"column":16},"end":{"line":89,"column":17}},"loc":{"start":{"line":89,"column":25},"end":{"line":91,"column":17}},"line":89},"13":{"name":"(anonymous_13)","decl":{"start":{"line":96,"column":27},"end":{"line":96,"column":28}},"loc":{"start":{"line":96,"column":31},"end":{"line":98,"column":5}},"line":96}},"branchMap":{"0":{"loc":{"start":{"line":65,"column":23},"end":{"line":68,"column":28}},"type":"cond-expr","locations":[{"start":{"line":66,"column":21},"end":{"line":68,"column":21}},{"start":{"line":68,"column":24},"end":{"line":68,"column":28}}],"line":65},"1":{"loc":{"start":{"line":75,"column":23},"end":{"line":78,"column":26}},"type":"cond-expr","locations":[{"start":{"line":76,"column":17},"end":{"line":78,"column":19}},{"start":{"line":78,"column":22},"end":{"line":78,"column":26}}],"line":75},"2":{"loc":{"start":{"line":113,"column":20},"end":{"line":144,"column":26}},"type":"cond-expr","locations":[{"start":{"line":114,"column":24},"end":{"line":143,"column":41}},{"start":{"line":144,"column":24},"end":{"line":144,"column":26}}],"line":113},"3":{"loc":{"start":{"line":151,"column":20},"end":{"line":159,"column":26}},"type":"cond-expr","locations":[{"start":{"line":152,"column":24},"end":{"line":158,"column":26}},{"start":{"line":159,"column":24},"end":{"line":159,"column":26}}],"line":151}},"s":{"0":0,"1":0,"2":0,"3":0,"4":0,"5":0,"6":0,"7":0,"8":0,"9":0,"10":0,"11":0,"12":0,"13":0,"14":0,"15":0,"16":0,"17":0,"18":0,"19":0,"20":0,"21":0,"22":0},"f":{"0":0,"1":0,"2":0,"3":0,"4":0,"5":0,"6":0,"7":0,"8":0,"9":0,"10":0,"11":0,"12":0,"13":0},"b":{"0":[0,0],"1":[0,0],"2":[0,0],"3":[0,0]}}
,"D:\\latest-technology\\react-app\\src\\Admin\\Customer\\index.js": {"path":"D:\\latest-technology\\react-app\\src\\Admin\\Customer\\index.js","statementMap":{"0":{"start":{"line":14,"column":24},"end":{"line":180,"column":1}},"1":{"start":{"line":15,"column":28},"end":{"line":15,"column":40}},"2":{"start":{"line":16,"column":21},"end":{"line":16,"column":34}},"3":{"start":{"line":17,"column":21},"end":{"line":17,"column":34}},"4":{"start":{"line":18,"column":25},"end":{"line":20,"column":52}},"5":{"start":{"line":33,"column":8},"end":{"line":33,"column":47}},"6":{"start":{"line":33,"column":31},"end":{"line":33,"column":46}},"7":{"start":{"line":34,"column":20},"end":{"line":96,"column":5}},"8":{"start":{"line":39,"column":16},"end":{"line":43,"column":17}},"9":{"start":{"line":51,"column":16},"end":{"line":51,"column":52}},"10":{"start":{"line":58,"column":16},"end":{"line":58,"column":107}},"11":{"start":{"line":65,"column":16},"end":{"line":65,"column":49}},"12":{"start":{"line":72,"column":16},"end":{"line":72,"column":47}},"13":{"start":{"line":79,"column":16},"end":{"line":79,"column":57}},"14":{"start":{"line":86,"column":16},"end":{"line":86,"column":54}},"15":{"start":{"line":93,"column":16},"end":{"line":93,"column":59}},"16":{"start":{"line":97,"column":4},"end":{"line":101,"column":66}},"17":{"start":{"line":98,"column":8},"end":{"line":100,"column":9}},"18":{"start":{"line":99,"column":12},"end":{"line":99,"column":39}},"19":{"start":{"line":103,"column":23},"end":{"line":105,"column":5}},"20":{"start":{"line":104,"column":8},"end":{"line":104,"column":28}},"21":{"start":{"line":107,"column":28},"end":{"line":107,"column":40}},"22":{"start":{"line":108,"column":27},"end":{"line":118,"column":5}},"23":{"start":{"line":109,"column":22},"end":{"line":109,"column":36}},"24":{"start":{"line":110,"column":8},"end":{"line":110,"column":40}},"25":{"start":{"line":111,"column":8},"end":{"line":113,"column":9}},"26":{"start":{"line":112,"column":12},"end":{"line":112,"column":50}},"27":{"start":{"line":115,"column":8},"end":{"line":117,"column":16}},"28":{"start":{"line":116,"column":12},"end":{"line":116,"column":44}},"29":{"start":{"line":120,"column":29},"end":{"line":123,"column":5}},"30":{"start":{"line":121,"column":8},"end":{"line":121,"column":26}},"31":{"start":{"line":122,"column":8},"end":{"line":122,"column":39}},"32":{"start":{"line":125,"column":30},"end":{"line":128,"column":5}},"33":{"start":{"line":126,"column":8},"end":{"line":126,"column":26}},"34":{"start":{"line":127,"column":8},"end":{"line":127,"column":38}},"35":{"start":{"line":130,"column":28},"end":{"line":132,"column":5}},"36":{"start":{"line":134,"column":4},"end":{"line":179,"column":5}}},"fnMap":{"0":{"name":"(anonymous_0)","decl":{"start":{"line":14,"column":24},"end":{"line":14,"column":25}},"loc":{"start":{"line":14,"column":30},"end":{"line":180,"column":1}},"line":14},"1":{"name":"(anonymous_1)","decl":{"start":{"line":33,"column":20},"end":{"line":33,"column":21}},"loc":{"start":{"line":33,"column":31},"end":{"line":33,"column":46}},"line":33},"2":{"name":"(anonymous_2)","decl":{"start":{"line":38,"column":21},"end":{"line":38,"column":22}},"loc":{"start":{"line":38,"column":37},"end":{"line":45,"column":13}},"line":38},"3":{"name":"(anonymous_3)","decl":{"start":{"line":50,"column":21},"end":{"line":50,"column":22}},"loc":{"start":{"line":50,"column":37},"end":{"line":52,"column":13}},"line":50},"4":{"name":"(anonymous_4)","decl":{"start":{"line":57,"column":21},"end":{"line":57,"column":22}},"loc":{"start":{"line":57,"column":37},"end":{"line":59,"column":13}},"line":57},"5":{"name":"(anonymous_5)","decl":{"start":{"line":64,"column":21},"end":{"line":64,"column":22}},"loc":{"start":{"line":64,"column":37},"end":{"line":66,"column":13}},"line":64},"6":{"name":"(anonymous_6)","decl":{"start":{"line":71,"column":21},"end":{"line":71,"column":22}},"loc":{"start":{"line":71,"column":37},"end":{"line":73,"column":13}},"line":71},"7":{"name":"(anonymous_7)","decl":{"start":{"line":78,"column":21},"end":{"line":78,"column":22}},"loc":{"start":{"line":78,"column":37},"end":{"line":80,"column":13}},"line":78},"8":{"name":"(anonymous_8)","decl":{"start":{"line":85,"column":21},"end":{"line":85,"column":22}},"loc":{"start":{"line":85,"column":37},"end":{"line":87,"column":13}},"line":85},"9":{"name":"(anonymous_9)","decl":{"start":{"line":92,"column":21},"end":{"line":92,"column":22}},"loc":{"start":{"line":92,"column":37},"end":{"line":94,"column":13}},"line":92},"10":{"name":"(anonymous_10)","decl":{"start":{"line":97,"column":14},"end":{"line":97,"column":15}},"loc":{"start":{"line":97,"column":20},"end":{"line":101,"column":5}},"line":97},"11":{"name":"(anonymous_11)","decl":{"start":{"line":103,"column":23},"end":{"line":103,"column":24}},"loc":{"start":{"line":103,"column":30},"end":{"line":105,"column":5}},"line":103},"12":{"name":"(anonymous_12)","decl":{"start":{"line":108,"column":27},"end":{"line":108,"column":28}},"loc":{"start":{"line":108,"column":34},"end":{"line":118,"column":5}},"line":108},"13":{"name":"(anonymous_13)","decl":{"start":{"line":115,"column":45},"end":{"line":115,"column":46}},"loc":{"start":{"line":115,"column":51},"end":{"line":117,"column":9}},"line":115},"14":{"name":"(anonymous_14)","decl":{"start":{"line":120,"column":29},"end":{"line":120,"column":30}},"loc":{"start":{"line":120,"column":39},"end":{"line":123,"column":5}},"line":120},"15":{"name":"(anonymous_15)","decl":{"start":{"line":125,"column":30},"end":{"line":125,"column":31}},"loc":{"start":{"line":125,"column":40},"end":{"line":128,"column":5}},"line":125},"16":{"name":"(anonymous_16)","decl":{"start":{"line":130,"column":28},"end":{"line":130,"column":29}},"loc":{"start":{"line":130,"column":32},"end":{"line":132,"column":5}},"line":130}},"branchMap":{"0":{"loc":{"start":{"line":18,"column":25},"end":{"line":20,"column":52}},"type":"binary-expr","locations":[{"start":{"line":18,"column":25},"end":{"line":18,"column":71}},{"start":{"line":19,"column":8},"end":{"line":19,"column":51}},{"start":{"line":20,"column":8},"end":{"line":20,"column":52}}],"line":18},"1":{"loc":{"start":{"line":58,"column":44},"end":{"line":58,"column":77}},"type":"cond-expr","locations":[{"start":{"line":58,"column":57},"end":{"line":58,"column":72}},{"start":{"line":58,"column":75},"end":{"line":58,"column":77}}],"line":58},"2":{"loc":{"start":{"line":98,"column":8},"end":{"line":100,"column":9}},"type":"if","locations":[{"start":{"line":98,"column":8},"end":{"line":100,"column":9}},{"start":{},"end":{}}],"line":98},"3":{"loc":{"start":{"line":111,"column":8},"end":{"line":113,"column":9}},"type":"if","locations":[{"start":{"line":111,"column":8},"end":{"line":113,"column":9}},{"start":{},"end":{}}],"line":111},"4":{"loc":{"start":{"line":136,"column":14},"end":{"line":176,"column":23}},"type":"cond-expr","locations":[{"start":{"line":136,"column":29},"end":{"line":136,"column":39}},{"start":{"line":137,"column":17},"end":{"line":176,"column":22}}],"line":136},"5":{"loc":{"start":{"line":138,"column":21},"end":{"line":138,"column":60}},"type":"cond-expr","locations":[{"start":{"line":138,"column":44},"end":{"line":138,"column":55}},{"start":{"line":138,"column":58},"end":{"line":138,"column":60}}],"line":138}},"s":{"0":0,"1":0,"2":0,"3":0,"4":0,"5":0,"6":0,"7":0,"8":0,"9":0,"10":0,"11":0,"12":0,"13":0,"14":0,"15":0,"16":0,"17":0,"18":0,"19":0,"20":0,"21":0,"22":0,"23":0,"24":0,"25":0,"26":0,"27":0,"28":0,"29":0,"30":0,"31":0,"32":0,"33":0,"34":0,"35":0,"36":0},"f":{"0":0,"1":0,"2":0,"3":0,"4":0,"5":0,"6":0,"7":0,"8":0,"9":0,"10":0,"11":0,"12":0,"13":0,"14":0,"15":0,"16":0},"b":{"0":[0,0,0],"1":[0,0],"2":[0,0],"3":[0,0],"4":[0,0],"5":[0,0]}}
,"D:\\latest-technology\\react-app\\src\\Admin\\Employee\\Employee.jsx": {"path":"D:\\latest-technology\\react-app\\src\\Admin\\Employee\\Employee.jsx","statementMap":{"0":{"start":{"line":10,"column":16},"end":{"line":33,"column":1}},"1":{"start":{"line":14,"column":22},"end":{"line":14,"column":81}},"2":{"start":{"line":19,"column":23},"end":{"line":19,"column":59}},"3":{"start":{"line":34,"column":17},"end":{"line":127,"column":1}},"4":{"start":{"line":48,"column":6},"end":{"line":48,"column":44}},"5":{"start":{"line":48,"column":29},"end":{"line":48,"column":43}},"6":{"start":{"line":49,"column":19},"end":{"line":49,"column":32}},"7":{"start":{"line":50,"column":19},"end":{"line":50,"column":32}},"8":{"start":{"line":51,"column":23},"end":{"line":51,"column":116}},"9":{"start":{"line":52,"column":2},"end":{"line":56,"column":64}},"10":{"start":{"line":53,"column":4},"end":{"line":55,"column":5}},"11":{"start":{"line":54,"column":6},"end":{"line":54,"column":31}},"12":{"start":{"line":58,"column":21},"end":{"line":60,"column":3}},"13":{"start":{"line":59,"column":6},"end":{"line":59,"column":39}},"14":{"start":{"line":62,"column":26},"end":{"line":62,"column":38}},"15":{"start":{"line":63,"column":25},"end":{"line":72,"column":3}},"16":{"start":{"line":64,"column":18},"end":{"line":64,"column":32}},"17":{"start":{"line":65,"column":4},"end":{"line":65,"column":44}},"18":{"start":{"line":66,"column":4},"end":{"line":68,"column":5}},"19":{"start":{"line":67,"column":6},"end":{"line":67,"column":44}},"20":{"start":{"line":69,"column":4},"end":{"line":71,"column":12}},"21":{"start":{"line":70,"column":6},"end":{"line":70,"column":31}},"22":{"start":{"line":74,"column":27},"end":{"line":76,"column":3}},"23":{"start":{"line":78,"column":28},"end":{"line":80,"column":3}},"24":{"start":{"line":82,"column":26},"end":{"line":84,"column":3}},"25":{"start":{"line":86,"column":2},"end":{"line":126,"column":3}}},"fnMap":{"0":{"name":"(anonymous_0)","decl":{"start":{"line":14,"column":13},"end":{"line":14,"column":14}},"loc":{"start":{"line":14,"column":22},"end":{"line":14,"column":81}},"line":14},"1":{"name":"(anonymous_1)","decl":{"start":{"line":19,"column":13},"end":{"line":19,"column":14}},"loc":{"start":{"line":19,"column":23},"end":{"line":19,"column":59}},"line":19},"2":{"name":"(anonymous_2)","decl":{"start":{"line":34,"column":17},"end":{"line":34,"column":18}},"loc":{"start":{"line":34,"column":23},"end":{"line":127,"column":1}},"line":34},"3":{"name":"(anonymous_3)","decl":{"start":{"line":48,"column":18},"end":{"line":48,"column":19}},"loc":{"start":{"line":48,"column":29},"end":{"line":48,"column":43}},"line":48},"4":{"name":"(anonymous_4)","decl":{"start":{"line":52,"column":12},"end":{"line":52,"column":13}},"loc":{"start":{"line":52,"column":18},"end":{"line":56,"column":3}},"line":52},"5":{"name":"(anonymous_5)","decl":{"start":{"line":58,"column":21},"end":{"line":58,"column":22}},"loc":{"start":{"line":58,"column":28},"end":{"line":60,"column":3}},"line":58},"6":{"name":"(anonymous_6)","decl":{"start":{"line":63,"column":25},"end":{"line":63,"column":26}},"loc":{"start":{"line":63,"column":32},"end":{"line":72,"column":3}},"line":63},"7":{"name":"(anonymous_7)","decl":{"start":{"line":69,"column":41},"end":{"line":69,"column":42}},"loc":{"start":{"line":69,"column":47},"end":{"line":71,"column":5}},"line":69},"8":{"name":"(anonymous_8)","decl":{"start":{"line":74,"column":27},"end":{"line":74,"column":28}},"loc":{"start":{"line":74,"column":37},"end":{"line":76,"column":3}},"line":74},"9":{"name":"(anonymous_9)","decl":{"start":{"line":78,"column":28},"end":{"line":78,"column":29}},"loc":{"start":{"line":78,"column":38},"end":{"line":80,"column":3}},"line":78},"10":{"name":"(anonymous_10)","decl":{"start":{"line":82,"column":26},"end":{"line":82,"column":27}},"loc":{"start":{"line":82,"column":32},"end":{"line":84,"column":3}},"line":82}},"branchMap":{"0":{"loc":{"start":{"line":51,"column":23},"end":{"line":51,"column":116}},"type":"binary-expr","locations":[{"start":{"line":51,"column":23},"end":{"line":51,"column":69}},{"start":{"line":51,"column":73},"end":{"line":51,"column":116}}],"line":51},"1":{"loc":{"start":{"line":53,"column":4},"end":{"line":55,"column":5}},"type":"if","locations":[{"start":{"line":53,"column":4},"end":{"line":55,"column":5}},{"start":{},"end":{}}],"line":53},"2":{"loc":{"start":{"line":66,"column":4},"end":{"line":68,"column":5}},"type":"if","locations":[{"start":{"line":66,"column":4},"end":{"line":68,"column":5}},{"start":{},"end":{}}],"line":66},"3":{"loc":{"start":{"line":88,"column":7},"end":{"line":122,"column":15}},"type":"cond-expr","locations":[{"start":{"line":88,"column":22},"end":{"line":88,"column":32}},{"start":{"line":89,"column":9},"end":{"line":122,"column":14}}],"line":88},"4":{"loc":{"start":{"line":90,"column":11},"end":{"line":90,"column":50}},"type":"cond-expr","locations":[{"start":{"line":90,"column":34},"end":{"line":90,"column":45}},{"start":{"line":90,"column":48},"end":{"line":90,"column":50}}],"line":90},"5":{"loc":{"start":{"line":124,"column":7},"end":{"line":124,"column":29}},"type":"binary-expr","locations":[{"start":{"line":124,"column":7},"end":{"line":124,"column":14}},{"start":{"line":124,"column":18},"end":{"line":124,"column":29}}],"line":124}},"s":{"0":0,"1":0,"2":0,"3":0,"4":0,"5":0,"6":0,"7":0,"8":0,"9":0,"10":0,"11":0,"12":0,"13":0,"14":0,"15":0,"16":0,"17":0,"18":0,"19":0,"20":0,"21":0,"22":0,"23":0,"24":0,"25":0},"f":{"0":0,"1":0,"2":0,"3":0,"4":0,"5":0,"6":0,"7":0,"8":0,"9":0,"10":0},"b":{"0":[0,0],"1":[0,0],"2":[0,0],"3":[0,0],"4":[0,0],"5":[0,0]}}
,"D:\\latest-technology\\react-app\\src\\Admin\\Employee\\AddEmployee\\AddEmployee.jsx": {"path":"D:\\latest-technology\\react-app\\src\\Admin\\Employee\\AddEmployee\\AddEmployee.jsx","statementMap":{"0":{"start":{"line":11,"column":18},"end":{"line":21,"column":1}},"1":{"start":{"line":23,"column":27},"end":{"line":236,"column":1}},"2":{"start":{"line":24,"column":21},"end":{"line":24,"column":34}},"3":{"start":{"line":25,"column":17},"end":{"line":25,"column":28}},"4":{"start":{"line":26,"column":34},"end":{"line":26,"column":49}},"5":{"start":{"line":27,"column":36},"end":{"line":37,"column":6}},"6":{"start":{"line":39,"column":25},"end":{"line":39,"column":66}},"7":{"start":{"line":40,"column":38},"end":{"line":40,"column":50}},"8":{"start":{"line":41,"column":38},"end":{"line":41,"column":53}},"9":{"start":{"line":42,"column":32},"end":{"line":42,"column":44}},"10":{"start":{"line":44,"column":4},"end":{"line":46,"column":12}},"11":{"start":{"line":45,"column":12},"end":{"line":45,"column":27}},"12":{"start":{"line":48,"column":27},"end":{"line":77,"column":5}},"13":{"start":{"line":49,"column":22},"end":{"line":49,"column":24}},"14":{"start":{"line":51,"column":8},"end":{"line":53,"column":9}},"15":{"start":{"line":52,"column":12},"end":{"line":52,"column":55}},"16":{"start":{"line":54,"column":8},"end":{"line":56,"column":9}},"17":{"start":{"line":55,"column":12},"end":{"line":55,"column":53}},"18":{"start":{"line":57,"column":8},"end":{"line":59,"column":9}},"19":{"start":{"line":58,"column":12},"end":{"line":58,"column":52}},"20":{"start":{"line":60,"column":8},"end":{"line":62,"column":9}},"21":{"start":{"line":61,"column":12},"end":{"line":61,"column":46}},"22":{"start":{"line":63,"column":8},"end":{"line":67,"column":9}},"23":{"start":{"line":64,"column":12},"end":{"line":64,"column":46}},"24":{"start":{"line":65,"column":15},"end":{"line":67,"column":9}},"25":{"start":{"line":66,"column":12},"end":{"line":66,"column":45}},"26":{"start":{"line":68,"column":8},"end":{"line":70,"column":9}},"27":{"start":{"line":69,"column":12},"end":{"line":69,"column":52}},"28":{"start":{"line":71,"column":8},"end":{"line":75,"column":9}},"29":{"start":{"line":72,"column":12},"end":{"line":72,"column":71}},"30":{"start":{"line":73,"column":15},"end":{"line":75,"column":9}},"31":{"start":{"line":74,"column":12},"end":{"line":74,"column":63}},"32":{"start":{"line":76,"column":8},"end":{"line":76,"column":21}},"33":{"start":{"line":79,"column":33},"end":{"line":105,"column":5}},"34":{"start":{"line":80,"column":22},"end":{"line":80,"column":38}},"35":{"start":{"line":81,"column":8},"end":{"line":81,"column":28}},"36":{"start":{"line":83,"column":8},"end":{"line":104,"column":9}},"37":{"start":{"line":84,"column":12},"end":{"line":84,"column":65}},"38":{"start":{"line":85,"column":12},"end":{"line":85,"column":29}},"39":{"start":{"line":86,"column":12},"end":{"line":98,"column":18}},"40":{"start":{"line":89,"column":24},"end":{"line":89,"column":42}},"41":{"start":{"line":90,"column":24},"end":{"line":90,"column":73}},"42":{"start":{"line":91,"column":24},"end":{"line":91,"column":45}},"43":{"start":{"line":94,"column":20},"end":{"line":94,"column":38}},"44":{"start":{"line":96,"column":20},"end":{"line":96,"column":50}},"45":{"start":{"line":97,"column":20},"end":{"line":97,"column":39}},"46":{"start":{"line":101,"column":12},"end":{"line":101,"column":52}},"47":{"start":{"line":102,"column":12},"end":{"line":102,"column":44}},"48":{"start":{"line":103,"column":12},"end":{"line":103,"column":31}},"49":{"start":{"line":107,"column":24},"end":{"line":122,"column":5}},"50":{"start":{"line":108,"column":32},"end":{"line":108,"column":40}},"51":{"start":{"line":109,"column":8},"end":{"line":109,"column":74}},"52":{"start":{"line":109,"column":37},"end":{"line":109,"column":71}},"53":{"start":{"line":111,"column":8},"end":{"line":121,"column":9}},"54":{"start":{"line":112,"column":12},"end":{"line":115,"column":16}},"55":{"start":{"line":112,"column":39},"end":{"line":115,"column":13}},"56":{"start":{"line":117,"column":12},"end":{"line":120,"column":16}},"57":{"start":{"line":117,"column":39},"end":{"line":120,"column":13}},"58":{"start":{"line":124,"column":4},"end":{"line":235,"column":6}},"59":{"start":{"line":233,"column":69},"end":{"line":233,"column":88}}},"fnMap":{"0":{"name":"(anonymous_0)","decl":{"start":{"line":23,"column":27},"end":{"line":23,"column":28}},"loc":{"start":{"line":23,"column":33},"end":{"line":236,"column":1}},"line":23},"1":{"name":"(anonymous_1)","decl":{"start":{"line":44,"column":14},"end":{"line":44,"column":15}},"loc":{"start":{"line":44,"column":18},"end":{"line":46,"column":5}},"line":44},"2":{"name":"(anonymous_2)","decl":{"start":{"line":48,"column":27},"end":{"line":48,"column":28}},"loc":{"start":{"line":48,"column":33},"end":{"line":77,"column":5}},"line":48},"3":{"name":"(anonymous_3)","decl":{"start":{"line":79,"column":33},"end":{"line":79,"column":34}},"loc":{"start":{"line":79,"column":39},"end":{"line":105,"column":5}},"line":79},"4":{"name":"(anonymous_4)","decl":{"start":{"line":88,"column":20},"end":{"line":88,"column":21}},"loc":{"start":{"line":88,"column":32},"end":{"line":92,"column":21}},"line":88},"5":{"name":"(anonymous_5)","decl":{"start":{"line":93,"column":24},"end":{"line":93,"column":25}},"loc":{"start":{"line":93,"column":33},"end":{"line":98,"column":17}},"line":93},"6":{"name":"(anonymous_6)","decl":{"start":{"line":107,"column":24},"end":{"line":107,"column":25}},"loc":{"start":{"line":107,"column":31},"end":{"line":122,"column":5}},"line":107},"7":{"name":"(anonymous_7)","decl":{"start":{"line":109,"column":20},"end":{"line":109,"column":21}},"loc":{"start":{"line":109,"column":37},"end":{"line":109,"column":71}},"line":109},"8":{"name":"(anonymous_8)","decl":{"start":{"line":112,"column":25},"end":{"line":112,"column":26}},"loc":{"start":{"line":112,"column":39},"end":{"line":115,"column":13}},"line":112},"9":{"name":"(anonymous_9)","decl":{"start":{"line":117,"column":25},"end":{"line":117,"column":26}},"loc":{"start":{"line":117,"column":39},"end":{"line":120,"column":13}},"line":117},"10":{"name":"(anonymous_10)","decl":{"start":{"line":233,"column":63},"end":{"line":233,"column":64}},"loc":{"start":{"line":233,"column":69},"end":{"line":233,"column":88}},"line":233}},"branchMap":{"0":{"loc":{"start":{"line":51,"column":8},"end":{"line":53,"column":9}},"type":"if","locations":[{"start":{"line":51,"column":8},"end":{"line":53,"column":9}},{"start":{},"end":{}}],"line":51},"1":{"loc":{"start":{"line":54,"column":8},"end":{"line":56,"column":9}},"type":"if","locations":[{"start":{"line":54,"column":8},"end":{"line":56,"column":9}},{"start":{},"end":{}}],"line":54},"2":{"loc":{"start":{"line":57,"column":8},"end":{"line":59,"column":9}},"type":"if","locations":[{"start":{"line":57,"column":8},"end":{"line":59,"column":9}},{"start":{},"end":{}}],"line":57},"3":{"loc":{"start":{"line":60,"column":8},"end":{"line":62,"column":9}},"type":"if","locations":[{"start":{"line":60,"column":8},"end":{"line":62,"column":9}},{"start":{},"end":{}}],"line":60},"4":{"loc":{"start":{"line":63,"column":8},"end":{"line":67,"column":9}},"type":"if","locations":[{"start":{"line":63,"column":8},"end":{"line":67,"column":9}},{"start":{"line":65,"column":15},"end":{"line":67,"column":9}}],"line":63},"5":{"loc":{"start":{"line":65,"column":15},"end":{"line":67,"column":9}},"type":"if","locations":[{"start":{"line":65,"column":15},"end":{"line":67,"column":9}},{"start":{},"end":{}}],"line":65},"6":{"loc":{"start":{"line":68,"column":8},"end":{"line":70,"column":9}},"type":"if","locations":[{"start":{"line":68,"column":8},"end":{"line":70,"column":9}},{"start":{},"end":{}}],"line":68},"7":{"loc":{"start":{"line":71,"column":8},"end":{"line":75,"column":9}},"type":"if","locations":[{"start":{"line":71,"column":8},"end":{"line":75,"column":9}},{"start":{"line":73,"column":15},"end":{"line":75,"column":9}}],"line":71},"8":{"loc":{"start":{"line":73,"column":15},"end":{"line":75,"column":9}},"type":"if","locations":[{"start":{"line":73,"column":15},"end":{"line":75,"column":9}},{"start":{},"end":{}}],"line":73},"9":{"loc":{"start":{"line":83,"column":8},"end":{"line":104,"column":9}},"type":"if","locations":[{"start":{"line":83,"column":8},"end":{"line":104,"column":9}},{"start":{"line":100,"column":15},"end":{"line":104,"column":9}}],"line":83},"10":{"loc":{"start":{"line":111,"column":8},"end":{"line":121,"column":9}},"type":"if","locations":[{"start":{"line":111,"column":8},"end":{"line":121,"column":9}},{"start":{"line":116,"column":15},"end":{"line":121,"column":9}}],"line":111},"11":{"loc":{"start":{"line":114,"column":23},"end":{"line":114,"column":113}},"type":"cond-expr","locations":[{"start":{"line":114,"column":38},"end":{"line":114,"column":57}},{"start":{"line":114,"column":61},"end":{"line":114,"column":112}}],"line":114},"12":{"loc":{"start":{"line":114,"column":61},"end":{"line":114,"column":112}},"type":"cond-expr","locations":[{"start":{"line":114,"column":89},"end":{"line":114,"column":107}},{"start":{"line":114,"column":110},"end":{"line":114,"column":112}}],"line":114},"13":{"loc":{"start":{"line":119,"column":24},"end":{"line":119,"column":76}},"type":"cond-expr","locations":[{"start":{"line":119,"column":39},"end":{"line":119,"column":71}},{"start":{"line":119,"column":74},"end":{"line":119,"column":76}}],"line":119},"14":{"loc":{"start":{"line":126,"column":13},"end":{"line":126,"column":40}},"type":"cond-expr","locations":[{"start":{"line":126,"column":23},"end":{"line":126,"column":34}},{"start":{"line":126,"column":36},"end":{"line":126,"column":40}}],"line":126},"15":{"loc":{"start":{"line":141,"column":39},"end":{"line":141,"column":81}},"type":"cond-expr","locations":[{"start":{"line":141,"column":61},"end":{"line":141,"column":76}},{"start":{"line":141,"column":79},"end":{"line":141,"column":81}}],"line":141},"16":{"loc":{"start":{"line":151,"column":39},"end":{"line":151,"column":80}},"type":"cond-expr","locations":[{"start":{"line":151,"column":60},"end":{"line":151,"column":75}},{"start":{"line":151,"column":78},"end":{"line":151,"column":80}}],"line":151},"17":{"loc":{"start":{"line":160,"column":39},"end":{"line":160,"column":76}},"type":"cond-expr","locations":[{"start":{"line":160,"column":56},"end":{"line":160,"column":71}},{"start":{"line":160,"column":74},"end":{"line":160,"column":76}}],"line":160},"18":{"loc":{"start":{"line":172,"column":39},"end":{"line":172,"column":75}},"type":"cond-expr","locations":[{"start":{"line":172,"column":55},"end":{"line":172,"column":70}},{"start":{"line":172,"column":73},"end":{"line":172,"column":75}}],"line":172},"19":{"loc":{"start":{"line":182,"column":39},"end":{"line":182,"column":77}},"type":"cond-expr","locations":[{"start":{"line":182,"column":57},"end":{"line":182,"column":72}},{"start":{"line":182,"column":75},"end":{"line":182,"column":77}}],"line":182},"20":{"loc":{"start":{"line":194,"column":39},"end":{"line":194,"column":77}},"type":"cond-expr","locations":[{"start":{"line":194,"column":57},"end":{"line":194,"column":72}},{"start":{"line":194,"column":75},"end":{"line":194,"column":77}}],"line":194},"21":{"loc":{"start":{"line":200,"column":39},"end":{"line":200,"column":78}},"type":"cond-expr","locations":[{"start":{"line":200,"column":58},"end":{"line":200,"column":73}},{"start":{"line":200,"column":76},"end":{"line":200,"column":78}}],"line":200},"22":{"loc":{"start":{"line":210,"column":39},"end":{"line":210,"column":80}},"type":"co
[...]
lumn":1}},"19":{"start":{"line":17,"column":4},"end":{"line":44,"column":5}},"20":{"start":{"line":27,"column":12},"end":{"line":27,"column":27}},"21":{"start":{"line":28,"column":8},"end":{"line":28,"column":36}},"22":{"start":{"line":29,"column":8},"end":{"line":43,"column":9}},"23":{"start":{"line":30,"column":29},"end":{"line":39,"column":14}},"24":{"start":{"line":40,"column":12},"end":{"line":40,"column":51}},"25":{"start":{"line":42,"column":12},"end":{"line":42,"column":46}}},"fnMap":{"0":{"name":"(anonymous_0)","decl":{"start":{"line":10,"column":32},"end":{"line":10,"column":33}},"loc":{"start":{"line":10,"column":37},"end":{"line":10,"column":65}},"line":10},"1":{"name":"(anonymous_1)","decl":{"start":{"line":11,"column":34},"end":{"line":11,"column":35}},"loc":{"start":{"line":11,"column":43},"end":{"line":11,"column":88}},"line":11},"2":{"name":"(anonymous_2)","decl":{"start":{"line":12,"column":30},"end":{"line":12,"column":31}},"loc":{"start":{"line":12,"column":36},"end":{"line":12,"column":75}},"line":12},"3":{"name":"(anonymous_3)","decl":{"start":{"line":13,"column":34},"end":{"line":13,"column":35}},"loc":{"start":{"line":13,"column":44},"end":{"line":13,"column":93}},"line":13},"4":{"name":"(anonymous_4)","decl":{"start":{"line":14,"column":32},"end":{"line":14,"column":33}},"loc":{"start":{"line":14,"column":42},"end":{"line":14,"column":85}},"line":14},"5":{"name":"(anonymous_5)","decl":{"start":{"line":15,"column":30},"end":{"line":15,"column":31}},"loc":{"start":{"line":15,"column":35},"end":{"line":15,"column":65}},"line":15},"6":{"name":"(anonymous_6)","decl":{"start":{"line":16,"column":26},"end":{"line":16,"column":27}},"loc":{"start":{"line":16,"column":30},"end":{"line":45,"column":1}},"line":16},"7":{"name":"(anonymous_7)","decl":{"start":{"line":17,"column":11},"end":{"line":17,"column":12}},"loc":{"start":{"line":17,"column":39},"end":{"line":44,"column":5}},"line":17}},"branchMap":{},"s":{"0":0,"1":0,"2":0,"3":0,"4":0,"5":0,"6":0,"7":0,"8":0,"9":0,"10":0,"11":0,"12":0,"13":0,"14":0,"15":0,"16":0,"17":0,"18":0,"19":0,"20":0,"21":0,"22":0,"23":0,"24":0,"25":0},"f":{"0":0,"1":0,"2":0,"3":0,"4":0,"5":0,"6":0,"7":0},"b":{}}
,"D:\\latest-technology\\react-app\\src\\store\\actions\\loan.action.js": {"path":"D:\\latest-technology\\react-app\\src\\store\\actions\\loan.action.js","statementMap":{"0":{"start":{"line":4,"column":34},"end":{"line":4,"column":54}},"1":{"start":{"line":5,"column":29},"end":{"line":5,"column":44}},"2":{"start":{"line":6,"column":40},"end":{"line":6,"column":66}},"3":{"start":{"line":7,"column":33},"end":{"line":7,"column":52}},"4":{"start":{"line":8,"column":29},"end":{"line":8,"column":44}},"5":{"start":{"line":9,"column":38},"end":{"line":9,"column":62}},"6":{"start":{"line":10,"column":37},"end":{"line":10,"column":60}},"7":{"start":{"line":11,"column":37},"end":{"line":11,"column":60}},"8":{"start":{"line":13,"column":32},"end":{"line":13,"column":68}},"9":{"start":{"line":13,"column":39},"end":{"line":13,"column":67}},"10":{"start":{"line":15,"column":36},"end":{"line":15,"column":58}},"11":{"start":{"line":17,"column":34},"end":{"line":17,"column":90}},"12":{"start":{"line":17,"column":45},"end":{"line":17,"column":89}},"13":{"start":{"line":19,"column":37},"end":{"line":19,"column":93}},"14":{"start":{"line":19,"column":47},"end":{"line":19,"column":92}},"15":{"start":{"line":21,"column":26},"end":{"line":53,"column":1}},"16":{"start":{"line":22,"column":4},"end":{"line":52,"column":5}},"17":{"start":{"line":32,"column":12},"end":{"line":32,"column":28}},"18":{"start":{"line":34,"column":8},"end":{"line":34,"column":37}},"19":{"start":{"line":35,"column":8},"end":{"line":51,"column":9}},"20":{"start":{"line":36,"column":29},"end":{"line":47,"column":16}},"21":{"start":{"line":48,"column":14},"end":{"line":48,"column":59}},"22":{"start":{"line":50,"column":12},"end":{"line":50,"column":48}},"23":{"start":{"line":55,"column":32},"end":{"line":55,"column":79}},"24":{"start":{"line":55,"column":41},"end":{"line":55,"column":78}},"25":{"start":{"line":56,"column":35},"end":{"line":56,"column":96}},"26":{"start":{"line":56,"column":46},"end":{"line":56,"column":95}},"27":{"start":{"line":58,"column":32},"end":{"line":74,"column":1}},"28":{"start":{"line":59,"column":4},"end":{"line":73,"column":5}},"29":{"start":{"line":60,"column":9},"end":{"line":72,"column":10}},"30":{"start":{"line":61,"column":12},"end":{"line":61,"column":41}},"31":{"start":{"line":62,"column":27},"end":{"line":62,"column":69}},"32":{"start":{"line":63,"column":12},"end":{"line":69,"column":15}},"33":{"start":{"line":71,"column":12},"end":{"line":71,"column":48}},"34":{"start":{"line":76,"column":25},"end":{"line":76,"column":95}},"35":{"start":{"line":76,"column":46},"end":{"line":76,"column":94}},"36":{"start":{"line":78,"column":29},"end":{"line":78,"column":79}},"37":{"start":{"line":78,"column":38},"end":{"line":78,"column":78}},"38":{"start":{"line":79,"column":37},"end":{"line":79,"column":92}},"39":{"start":{"line":79,"column":46},"end":{"line":79,"column":91}},"40":{"start":{"line":80,"column":33},"end":{"line":80,"column":87}},"41":{"start":{"line":80,"column":42},"end":{"line":80,"column":86}}},"fnMap":{"0":{"name":"(anonymous_0)","decl":{"start":{"line":13,"column":32},"end":{"line":13,"column":33}},"loc":{"start":{"line":13,"column":39},"end":{"line":13,"column":67}},"line":13},"1":{"name":"(anonymous_1)","decl":{"start":{"line":17,"column":34},"end":{"line":17,"column":35}},"loc":{"start":{"line":17,"column":45},"end":{"line":17,"column":89}},"line":17},"2":{"name":"(anonymous_2)","decl":{"start":{"line":19,"column":37},"end":{"line":19,"column":38}},"loc":{"start":{"line":19,"column":47},"end":{"line":19,"column":92}},"line":19},"3":{"name":"(anonymous_3)","decl":{"start":{"line":21,"column":26},"end":{"line":21,"column":27}},"loc":{"start":{"line":21,"column":30},"end":{"line":53,"column":1}},"line":21},"4":{"name":"(anonymous_4)","decl":{"start":{"line":22,"column":11},"end":{"line":22,"column":12}},"loc":{"start":{"line":22,"column":39},"end":{"line":52,"column":5}},"line":22},"5":{"name":"(anonymous_5)","decl":{"start":{"line":55,"column":32},"end":{"line":55,"column":33}},"loc":{"start":{"line":55,"column":41},"end":{"line":55,"column":78}},"line":55},"6":{"name":"(anonymous_6)","decl":{"start":{"line":56,"column":35},"end":{"line":56,"column":36}},"loc":{"start":{"line":56,"column":46},"end":{"line":56,"column":95}},"line":56},"7":{"name":"(anonymous_7)","decl":{"start":{"line":58,"column":32},"end":{"line":58,"column":33}},"loc":{"start":{"line":58,"column":38},"end":{"line":74,"column":1}},"line":58},"8":{"name":"(anonymous_8)","decl":{"start":{"line":59,"column":11},"end":{"line":59,"column":12}},"loc":{"start":{"line":59,"column":39},"end":{"line":73,"column":5}},"line":59},"9":{"name":"(anonymous_9)","decl":{"start":{"line":76,"column":25},"end":{"line":76,"column":26}},"loc":{"start":{"line":76,"column":46},"end":{"line":76,"column":94}},"line":76},"10":{"name":"(anonymous_10)","decl":{"start":{"line":78,"column":29},"end":{"line":78,"column":30}},"loc":{"start":{"line":78,"column":38},"end":{"line":78,"column":78}},"line":78},"11":{"name":"(anonymous_11)","decl":{"start":{"line":79,"column":37},"end":{"line":79,"column":38}},"loc":{"start":{"line":79,"column":46},"end":{"line":79,"column":91}},"line":79},"12":{"name":"(anonymous_12)","decl":{"start":{"line":80,"column":33},"end":{"line":80,"column":34}},"loc":{"start":{"line":80,"column":42},"end":{"line":80,"column":86}},"line":80}},"branchMap":{},"s":{"0":0,"1":0,"2":0,"3":0,"4":0,"5":0,"6":0,"7":0,"8":0,"9":0,"10":0,"11":0,"12":0,"13":0,"14":0,"15":0,"16":0,"17":0,"18":0,"19":0,"20":0,"21":0,"22":0,"23":0,"24":0,"25":0,"26":0,"27":0,"28":0,"29":0,"30":0,"31":0,"32":0,"33":0,"34":0,"35":0,"36":0,"37":0,"38":0,"39":0,"40":0,"41":0},"f":{"0":0,"1":0,"2":0,"3":0,"4":0,"5":0,"6":0,"7":0,"8":0,"9":0,"10":0,"11":0,"12":0},"b":{}}
,"D:\\latest-technology\\react-app\\src\\store\\reducer\\customer.reducer.js": {"path":"D:\\latest-technology\\react-app\\src\\store\\reducer\\customer.reducer.js","statementMap":{"0":{"start":{"line":15,"column":23},"end":{"line":27,"column":3}},"1":{"start":{"line":29,"column":26},"end":{"line":66,"column":3}},"2":{"start":{"line":30,"column":4},"end":{"line":65,"column":5}},"3":{"start":{"line":32,"column":8},"end":{"line":32,"column":47}},"4":{"start":{"line":34,"column":8},"end":{"line":42,"column":10}},"5":{"start":{"line":44,"column":8},"end":{"line":44,"column":89}},"6":{"start":{"line":46,"column":8},"end":{"line":46,"column":77}},"7":{"start":{"line":48,"column":8},"end":{"line":48,"column":72}},"8":{"start":{"line":50,"column":8},"end":{"line":50,"column":74}},"9":{"start":{"line":52,"column":8},"end":{"line":52,"column":76}},"10":{"start":{"line":54,"column":8},"end":{"line":54,"column":112}},"11":{"start":{"line":56,"column":8},"end":{"line":60,"column":9}},"12":{"start":{"line":62,"column":8},"end":{"line":62,"column":28}},"13":{"start":{"line":64,"column":8},"end":{"line":64,"column":21}}},"fnMap":{"0":{"name":"(anonymous_0)","decl":{"start":{"line":29,"column":26},"end":{"line":29,"column":27}},"loc":{"start":{"line":29,"column":60},"end":{"line":66,"column":3}},"line":29}},"branchMap":{"0":{"loc":{"start":{"line":29,"column":27},"end":{"line":29,"column":47}},"type":"default-arg","locations":[{"start":{"line":29,"column":35},"end":{"line":29,"column":47}}],"line":29},"1":{"loc":{"start":{"line":30,"column":4},"end":{"line":65,"column":5}},"type":"switch","locations":[{"start":{"line":31,"column":6},"end":{"line":32,"column":47}},{"start":{"line":33,"column":6},"end":{"line":42,"column":10}},{"start":{"line":43,"column":6},"end":{"line":44,"column":89}},{"start":{"line":45,"column":6},"end":{"line":46,"column":77}},{"start":{"line":47,"column":6},"end":{"line":48,"column":72}},{"start":{"line":49,"column":6},"end":{"line":50,"column":74}},{"start":{"line":51,"column":6},"end":{"line":52,"column":76}},{"start":{"line":53,"column":6},"end":{"line":54,"column":112}},{"start":{"line":55,"column":6},"end":{"line":60,"column":9}},{"start":{"line":61,"column":6},"end":{"line":62,"column":28}},{"start":{"line":63,"column":6},"end":{"line":64,"column":21}}],"line":30}},"s":{"0":0,"1":0,"2":0,"3":0,"4":0,"5":0,"6":0,"7":0,"8":0,"9":0,"10":0,"11":0,"12":0,"13":0},"f":{"0":0},"b":{"0":[0],"1":[0,0,0,0,0,0,0,0,0,0,0]}}
,"D:\\latest-technology\\react-app\\src\\store\\reducer\\disburse.reducer.js": {"path":"D:\\latest-technology\\react-app\\src\\store\\reducer\\disburse.reducer.js","statementMap":{"0":{"start":{"line":3,"column":20},"end":{"line":21,"column":1}},"1":{"start":{"line":23,"column":31},"end":{"line":43,"column":1}},"2":{"start":{"line":24,"column":4},"end":{"line":42,"column":5}},"3":{"start":{"line":26,"column":16},"end":{"line":29,"column":17}},"4":{"start":{"line":31,"column":16},"end":{"line":34,"column":17}},"5":{"start":{"line":36,"column":12},"end":{"line":39,"column":13}},"6":{"start":{"line":41,"column":12},"end":{"line":41,"column":25}}},"fnMap":{"0":{"name":"(anonymous_0)","decl":{"start":{"line":23,"column":31},"end":{"line":23,"column":32}},"loc":{"start":{"line":23,"column":62},"end":{"line":43,"column":1}},"line":23}},"branchMap":{"0":{"loc":{"start":{"line":23,"column":32},"end":{"line":23,"column":51}},"type":"default-arg","locations":[{"start":{"line":23,"column":40},"end":{"line":23,"column":51}}],"line":23},"1":{"loc":{"start":{"line":24,"column":4},"end":{"line":42,"column":5}},"type":"switch","locations":[{"start":{"line":25,"column":8},"end":{"line":29,"column":17}},{"start":{"line":30,"column":8},"end":{"line":34,"column":17}},{"start":{"line":35,"column":8},"end":{"line":39,"column":13}},{"start":{"line":40,"column":8},"end":{"line":41,"column":25}}],"line":24}},"s":{"0":0,"1":0,"2":0,"3":0,"4":0,"5":0,"6":0},"f":{"0":0},"b":{"0":[0],"1":[0,0,0,0]}}
,"D:\\latest-technology\\react-app\\src\\store\\reducer\\employee.reducer.js": {"path":"D:\\latest-technology\\react-app\\src\\store\\reducer\\employee.reducer.js","statementMap":{"0":{"start":{"line":3,"column":21},"end":{"line":16,"column":1}},"1":{"start":{"line":18,"column":31},"end":{"line":50,"column":1}},"2":{"start":{"line":19,"column":4},"end":{"line":49,"column":5}},"3":{"start":{"line":21,"column":12},"end":{"line":24,"column":13}},"4":{"start":{"line":26,"column":12},"end":{"line":33,"column":13}},"5":{"start":{"line":35,"column":12},"end":{"line":39,"column":13}},"6":{"start":{"line":41,"column":12},"end":{"line":46,"column":13}},"7":{"start":{"line":48,"column":12},"end":{"line":48,"column":25}}},"fnMap":{"0":{"name":"(anonymous_0)","decl":{"start":{"line":18,"column":31},"end":{"line":18,"column":32}},"loc":{"start":{"line":18,"column":63},"end":{"line":50,"column":1}},"line":18}},"branchMap":{"0":{"loc":{"start":{"line":18,"column":32},"end":{"line":18,"column":52}},"type":"default-arg","locations":[{"start":{"line":18,"column":40},"end":{"line":18,"column":52}}],"line":18},"1":{"loc":{"start":{"line":19,"column":4},"end":{"line":49,"column":5}},"type":"switch","locations":[{"start":{"line":20,"column":8},"end":{"line":24,"column":13}},{"start":{"line":25,"column":8},"end":{"line":33,"column":13}},{"start":{"line":34,"column":8},"end":{"line":39,"column":13}},{"start":{"line":40,"column":8},"end":{"line":46,"column":13}},{"start":{"line":47,"column":8},"end":{"line":48,"column":25}}],"line":19}},"s":{"0":0,"1":0,"2":0,"3":0,"4":0,"5":0,"6":0,"7":0},"f":{"0":0},"b":{"0":[0],"1":[0,0,0,0,0]}}
,"D:\\latest-technology\\react-app\\src\\store\\reducer\\group.reducer.js": {"path":"D:\\latest-technology\\react-app\\src\\store\\reducer\\group.reducer.js","statementMap":{"0":{"start":{"line":10,"column":21},"end":{"line":23,"column":1}},"1":{"start":{"line":25,"column":28},"end":{"line":84,"column":1}},"2":{"start":{"line":26,"column":4},"end":{"line":83,"column":5}},"3":{"start":{"line":28,"column":12},"end":{"line":31,"column":13}},"4":{"start":{"line":33,"column":12},"end":{"line":41,"column":13}},"5":{"start":{"line":43,"column":12},"end":{"line":48,"column":13}},"6":{"start":{"line":50,"column":12},"end":{"line":54,"column":13}},"7":{"start":{"line":56,"column":12},"end":{"line":60,"column":13}},"8":{"start":{"line":62,"column":12},"end":{"line":66,"column":13}},"9":{"start":{"line":68,"column":12},"end":{"line":80,"column":14}},"10":{"start":{"line":82,"column":12},"end":{"line":82,"column":25}}},"fnMap":{"0":{"name":"(anonymous_0)","decl":{"start":{"line":25,"column":28},"end":{"line":25,"column":29}},"loc":{"start":{"line":25,"column":60},"end":{"line":84,"column":1}},"line":25}},"branchMap":{"0":{"loc":{"start":{"line":25,"column":29},"end":{"line":25,"column":49}},"type":"default-arg","locations":[{"start":{"line":25,"column":37},"end":{"line":25,"column":49}}],"line":25},"1":{"loc":{"start":{"line":26,"column":4},"end":{"line":83,"column":5}},"type":"switch","locations":[{"start":{"line":27,"column":8},"end":{"line":31,"column":13}},{"start":{"line":32,"column":8},"end":{"line":41,"column":13}},{"start":{"line":42,"column":8},"end":{"line":48,"column":13}},{"start":{"line":49,"column":8},"end":{"line":54,"column":13}},{"start":{"line":55,"column":8},"end":{"line":60,"column":13}},{"start":{"line":61,"column":8},"end":{"line":66,"column":13}},{"start":{"line":67,"column":8},"end":{"line":80,"column":14}},{"start":{"line":81,"column":8},"end":{"line":82,"column":25}}],"line":26}},"s":{"0":0,"1":0,"2":0,"3":0,"4":0,"5":0,"6":0,"7":0,"8":0,"9":0,"10":0},"f":{"0":0},"b":{"0":[0],"1":[0,0,0,0,0,0,0,0]}}
,"D:\\latest-technology\\react-app\\src\\store\\reducer\\item.reducer.js": {"path":"D:\\latest-technology\\react-app\\src\\store\\reducer\\item.reducer.js","statementMap":{"0":{"start":{"line":10,"column":21},"end":{"line":23,"column":1}},"1":{"start":{"line":26,"column":27},"end":{"line":67,"column":1}},"2":{"start":{"line":27,"column":6},"end":{"line":66,"column":7}},"3":{"start":{"line":29,"column":12},"end":{"line":32,"column":13}},"4":{"start":{"line":34,"column":12},"end":{"line":40,"column":13}},"5":{"start":{"line":42,"column":12},"end":{"line":46,"column":13}},"6":{"start":{"line":48,"column":12},"end":{"line":51,"column":13}},"7":{"start":{"line":53,"column":12},"end":{"line":57,"column":13}},"8":{"start":{"line":59,"column":12},"end":{"line":62,"column":13}},"9":{"start":{"line":65,"column":12},"end":{"line":65,"column":25}}},"fnMap":{"0":{"name":"(anonymous_0)","decl":{"start":{"line":26,"column":27},"end":{"line":26,"column":28}},"loc":{"start":{"line":26,"column":59},"end":{"line":67,"column":1}},"line":26}},"branchMap":{"0":{"loc":{"start":{"line":26,"column":28},"end":{"line":26,"column":48}},"type":"default-arg","locations":[{"start":{"line":26,"column":36},"end":{"line":26,"column":48}}],"line":26},"1":{"loc":{"start":{"line":27,"column":6},"end":{"line":66,"column":7}},"type":"switch","locations":[{"start":{"line":28,"column":8},"end":{"line":32,"column":13}},{"start":{"line":33,"column":8},"end":{"line":40,"column":13}},{"start":{"line":41,"column":8},"end":{"line":46,"column":13}},{"start":{"line":47,"column":8},"end":{"line":51,"column":13}},{"start":{"line":52,"column":8},"end":{"line":57,"column":13}},{"start":{"line":58,"column":8},"end":{"line":62,"column":13}},{"start":{"line":64,"column":8},"end":{"line":65,"column":25}}],"line":27}},"s":{"0":0,"1":0,"2":0,"3":0,"4":0,"5":0,"6":0,"7":0,"8":0,"9":0},"f":{"0":0},"b":{"0":[0],"1":[0,0,0,0,0,0,0]}}
,"D:\\latest-technology\\react-app\\src\\store\\reducer\\loan.reducer.js": {"path":"D:\\latest-technology\\react-app\\src\\store\\reducer\\loan.reducer.js","statementMap":{"0":{"start":{"line":12,"column":21},"end":{"line":28,"column":1}},"1":{"start":{"line":30,"column":27},"end":{"line":88,"column":1}},"2":{"start":{"line":31,"column":4},"end":{"line":87,"column":5}},"3":{"start":{"line":33,"column":12},"end":{"line":33,"column":45}},"4":{"start":{"line":35,"column":12},"end":{"line":43,"column":13}},"5":{"start":{"line":45,"column":12},"end":{"line":45,"column":70}},"6":{"start":{"line":47,"column":12},"end":{"line":47,"column":77}},"7":{"start":{"line":49,"column":12},"end":{"line":54,"column":13}},"8":{"start":{"line":56,"column":12},"end":{"line":60,"column":13}},"9":{"start":{"line":62,"column":12},"end":{"line":66,"column":13}},"10":{"start":{"line":68,"column":12},"end":{"line":72,"column":13}},"11":{"start":{"line":74,"column":12},"end":{"line":78,"column":13}},"12":{"start":{"line":80,"column":12},"end":{"line":84,"column":13}},"13":{"start":{"line":86,"column":12},"end":{"line":86,"column":24}}},"fnMap":{"0":{"name":"(anonymous_0)","decl":{"start":{"line":30,"column":27},"end":{"line":30,"column":28}},"loc":{"start":{"line":30,"column":60},"end":{"line":88,"column":1}},"line":30}},"branchMap":{"0":{"loc":{"start":{"line":30,"column":28},"end":{"line":30,"column":48}},"type":"default-arg","locations":[{"start":{"line":30,"column":36},"end":{"line":30,"column":48}}],"line":30},"1":{"loc":{"start":{"line":31,"column":4},"end":{"line":87,"column":5}},"type":"switch","locations":[{"start":{"line":32,"column":8},"end":{"line":33,"column":45}},{"start":{"line":34,"column":8},"end":{"line":43,"column":13}},{"start":{"line":44,"column":8},"end":{"line":45,"column":70}},{"start":{"line":46,"column":8},"end":{"line":47,"column":77}},{"start":{"line":48,"column":8},"end":{"line":54,"column":13}},{"start":{"line":55,"column":8},"end":{"line":60,"column":13}},{"start":{"line":61,"column":8},"end":{"line":66,"column":13}},{"start":{"line":67,"column":8},"end":{"line":72,"column":13}},{"start":{"line":73,"column":8},"end":{"line":78,"column":13}},{"start":{"line":79,"column":8},"end":{"line":84,"column":13}},{"start":{"line":85,"column":8},"end":{"line":86,"column":24}}],"line":31}},"s":{"0":0,"1":0,"2":0,"3":0,"4":0,"5":0,"6":0,"7":0,"8":0,"9":0,"10":0,"11":0,"12":0,"13":0},"f":{"0":0},"b":{"0":[0],"1":[0,0,0,0,0,0,0,0,0,0,0]}}
}
